ARM GAS  C:\Users\simon\AppData\Local\Temp\ccvTwwQj.s 			page 1


   1              		.syntax unified
   2              		.cpu cortex-m3
   3              		.fpu softvfp
   4              		.eabi_attribute 20, 1
   5              		.eabi_attribute 21, 1
   6              		.eabi_attribute 23, 3
   7              		.eabi_attribute 24, 1
   8              		.eabi_attribute 25, 1
   9              		.eabi_attribute 26, 1
  10              		.eabi_attribute 30, 1
  11              		.eabi_attribute 34, 1
  12              		.eabi_attribute 18, 4
  13              		.thumb
  14              		.syntax unified
  15              		.file	"InterruptRoutines.c"
  16              		.text
  17              	.Ltext0:
  18              		.cfi_sections	.debug_frame
  19              		.section	.text.Custom_ISR_READ,"ax",%progbits
  20              		.align	2
  21              		.global	Custom_ISR_READ
  22              		.thumb
  23              		.thumb_func
  24              		.type	Custom_ISR_READ, %function
  25              	Custom_ISR_READ:
  26              	.LFB64:
  27              		.file 1 "InterruptRoutines.c"
   1:InterruptRoutines.c **** /* ========================================
   2:InterruptRoutines.c ****  *
   3:InterruptRoutines.c ****  * Copyright YOUR COMPANY, THE YEAR
   4:InterruptRoutines.c ****  * All Rights Reserved
   5:InterruptRoutines.c ****  * UNPUBLISHED, LICENSED SOFTWARE.
   6:InterruptRoutines.c ****  *
   7:InterruptRoutines.c ****  * CONFIDENTIAL AND PROPRIETARY INFORMATION
   8:InterruptRoutines.c ****  * WHICH IS THE PROPERTY OF your company.
   9:InterruptRoutines.c ****  *
  10:InterruptRoutines.c ****  * ========================================
  11:InterruptRoutines.c **** */
  12:InterruptRoutines.c **** 
  13:InterruptRoutines.c **** #include "InterruptRoutines.h"
  14:InterruptRoutines.c **** #include "project.h"
  15:InterruptRoutines.c **** 
  16:InterruptRoutines.c **** int FlagREAD = 0;
  17:InterruptRoutines.c **** 
  18:InterruptRoutines.c **** CY_ISR (Custom_ISR_READ)
  19:InterruptRoutines.c **** {
  28              		.loc 1 19 0
  29              		.cfi_startproc
  30              		@ args = 0, pretend = 0, frame = 0
  31              		@ frame_needed = 0, uses_anonymous_args = 0
  32 0000 08B5     		push	{r3, lr}
  33              		.cfi_def_cfa_offset 8
  34              		.cfi_offset 3, -8
  35              		.cfi_offset 14, -4
  20:InterruptRoutines.c ****     Timer_ACC_ReadStatusRegister();
  36              		.loc 1 20 0
  37 0002 FFF7FEFF 		bl	Timer_ACC_ReadStatusRegister
ARM GAS  C:\Users\simon\AppData\Local\Temp\ccvTwwQj.s 			page 2


  38              	.LVL0:
  21:InterruptRoutines.c ****     
  22:InterruptRoutines.c ****     FlagREAD = 1;
  39              		.loc 1 22 0
  40 0006 0122     		movs	r2, #1
  41 0008 014B     		ldr	r3, .L3
  42 000a 1A60     		str	r2, [r3]
  43 000c 08BD     		pop	{r3, pc}
  44              	.L4:
  45 000e 00BF     		.align	2
  46              	.L3:
  47 0010 00000000 		.word	.LANCHOR0
  48              		.cfi_endproc
  49              	.LFE64:
  50              		.size	Custom_ISR_READ, .-Custom_ISR_READ
  51              		.global	FlagREAD
  52              		.bss
  53              		.align	2
  54              		.set	.LANCHOR0,. + 0
  55              		.type	FlagREAD, %object
  56              		.size	FlagREAD, 4
  57              	FlagREAD:
  58 0000 00000000 		.space	4
  59              		.text
  60              	.Letext0:
  61              		.file 2 "c:\\program files (x86)\\cypress\\psoc creator\\4.3\\psoc creator\\import\\gnu\\arm\\5.4.
  62              		.file 3 "c:\\program files (x86)\\cypress\\psoc creator\\4.3\\psoc creator\\import\\gnu\\arm\\5.4.
  63              		.file 4 "Generated_Source\\PSoC5/core_cm3.h"
  64              		.file 5 "Generated_Source\\PSoC5/Timer_ACC.h"
  65              		.section	.debug_info,"",%progbits
  66              	.Ldebug_info0:
  67 0000 ED000000 		.4byte	0xed
  68 0004 0400     		.2byte	0x4
  69 0006 00000000 		.4byte	.Ldebug_abbrev0
  70 000a 04       		.byte	0x4
  71 000b 01       		.uleb128 0x1
  72 000c 4B000000 		.4byte	.LASF18
  73 0010 0C       		.byte	0xc
  74 0011 02010000 		.4byte	.LASF19
  75 0015 81010000 		.4byte	.LASF20
  76 0019 00000000 		.4byte	.Ldebug_ranges0+0
  77 001d 00000000 		.4byte	0
  78 0021 00000000 		.4byte	.Ldebug_line0
  79 0025 02       		.uleb128 0x2
  80 0026 01       		.byte	0x1
  81 0027 06       		.byte	0x6
  82 0028 5F010000 		.4byte	.LASF0
  83 002c 02       		.uleb128 0x2
  84 002d 01       		.byte	0x1
  85 002e 08       		.byte	0x8
  86 002f 2F010000 		.4byte	.LASF1
  87 0033 02       		.uleb128 0x2
  88 0034 02       		.byte	0x2
  89 0035 05       		.byte	0x5
  90 0036 E0010000 		.4byte	.LASF2
  91 003a 02       		.uleb128 0x2
  92 003b 02       		.byte	0x2
ARM GAS  C:\Users\simon\AppData\Local\Temp\ccvTwwQj.s 			page 3


  93 003c 07       		.byte	0x7
  94 003d 0E000000 		.4byte	.LASF3
  95 0041 03       		.uleb128 0x3
  96 0042 77010000 		.4byte	.LASF9
  97 0046 02       		.byte	0x2
  98 0047 3F       		.byte	0x3f
  99 0048 4C000000 		.4byte	0x4c
 100 004c 02       		.uleb128 0x2
 101 004d 04       		.byte	0x4
 102 004e 05       		.byte	0x5
 103 004f 42010000 		.4byte	.LASF4
 104 0053 02       		.uleb128 0x2
 105 0054 04       		.byte	0x4
 106 0055 07       		.byte	0x7
 107 0056 D9000000 		.4byte	.LASF5
 108 005a 02       		.uleb128 0x2
 109 005b 08       		.byte	0x8
 110 005c 05       		.byte	0x5
 111 005d 00000000 		.4byte	.LASF6
 112 0061 02       		.uleb128 0x2
 113 0062 08       		.byte	0x8
 114 0063 07       		.byte	0x7
 115 0064 EB000000 		.4byte	.LASF7
 116 0068 04       		.uleb128 0x4
 117 0069 04       		.byte	0x4
 118 006a 05       		.byte	0x5
 119 006b 696E7400 		.ascii	"int\000"
 120 006f 02       		.uleb128 0x2
 121 0070 04       		.byte	0x4
 122 0071 07       		.byte	0x7
 123 0072 21000000 		.4byte	.LASF8
 124 0076 03       		.uleb128 0x3
 125 0077 EA010000 		.4byte	.LASF10
 126 007b 03       		.byte	0x3
 127 007c 2C       		.byte	0x2c
 128 007d 41000000 		.4byte	0x41
 129 0081 02       		.uleb128 0x2
 130 0082 04       		.byte	0x4
 131 0083 04       		.byte	0x4
 132 0084 DA010000 		.4byte	.LASF11
 133 0088 02       		.uleb128 0x2
 134 0089 08       		.byte	0x8
 135 008a 04       		.byte	0x4
 136 008b 4B010000 		.4byte	.LASF12
 137 008f 02       		.uleb128 0x2
 138 0090 01       		.byte	0x1
 139 0091 08       		.byte	0x8
 140 0092 3D010000 		.4byte	.LASF13
 141 0096 02       		.uleb128 0x2
 142 0097 08       		.byte	0x8
 143 0098 04       		.byte	0x4
 144 0099 6B010000 		.4byte	.LASF14
 145 009d 02       		.uleb128 0x2
 146 009e 04       		.byte	0x4
 147 009f 07       		.byte	0x7
 148 00a0 F2010000 		.4byte	.LASF15
 149 00a4 05       		.uleb128 0x5
ARM GAS  C:\Users\simon\AppData\Local\Temp\ccvTwwQj.s 			page 4


 150 00a5 16010000 		.4byte	.LASF21
 151 00a9 01       		.byte	0x1
 152 00aa 12       		.byte	0x12
 153 00ab 00000000 		.4byte	.LFB64
 154 00af 14000000 		.4byte	.LFE64-.LFB64
 155 00b3 01       		.uleb128 0x1
 156 00b4 9C       		.byte	0x9c
 157 00b5 C3000000 		.4byte	0xc3
 158 00b9 06       		.uleb128 0x6
 159 00ba 06000000 		.4byte	.LVL0
 160 00be E5000000 		.4byte	0xe5
 161 00c2 00       		.byte	0
 162 00c3 07       		.uleb128 0x7
 163 00c4 52010000 		.4byte	.LASF16
 164 00c8 04       		.byte	0x4
 165 00c9 1207     		.2byte	0x712
 166 00cb CF000000 		.4byte	0xcf
 167 00cf 08       		.uleb128 0x8
 168 00d0 76000000 		.4byte	0x76
 169 00d4 09       		.uleb128 0x9
 170 00d5 26010000 		.4byte	.LASF17
 171 00d9 01       		.byte	0x1
 172 00da 10       		.byte	0x10
 173 00db 68000000 		.4byte	0x68
 174 00df 05       		.uleb128 0x5
 175 00e0 03       		.byte	0x3
 176 00e1 00000000 		.4byte	FlagREAD
 177 00e5 0A       		.uleb128 0xa
 178 00e6 2E000000 		.4byte	.LASF22
 179 00ea 2E000000 		.4byte	.LASF22
 180 00ee 05       		.byte	0x5
 181 00ef 5E       		.byte	0x5e
 182 00f0 00       		.byte	0
 183              		.section	.debug_abbrev,"",%progbits
 184              	.Ldebug_abbrev0:
 185 0000 01       		.uleb128 0x1
 186 0001 11       		.uleb128 0x11
 187 0002 01       		.byte	0x1
 188 0003 25       		.uleb128 0x25
 189 0004 0E       		.uleb128 0xe
 190 0005 13       		.uleb128 0x13
 191 0006 0B       		.uleb128 0xb
 192 0007 03       		.uleb128 0x3
 193 0008 0E       		.uleb128 0xe
 194 0009 1B       		.uleb128 0x1b
 195 000a 0E       		.uleb128 0xe
 196 000b 55       		.uleb128 0x55
 197 000c 17       		.uleb128 0x17
 198 000d 11       		.uleb128 0x11
 199 000e 01       		.uleb128 0x1
 200 000f 10       		.uleb128 0x10
 201 0010 17       		.uleb128 0x17
 202 0011 00       		.byte	0
 203 0012 00       		.byte	0
 204 0013 02       		.uleb128 0x2
 205 0014 24       		.uleb128 0x24
 206 0015 00       		.byte	0
ARM GAS  C:\Users\simon\AppData\Local\Temp\ccvTwwQj.s 			page 5


 207 0016 0B       		.uleb128 0xb
 208 0017 0B       		.uleb128 0xb
 209 0018 3E       		.uleb128 0x3e
 210 0019 0B       		.uleb128 0xb
 211 001a 03       		.uleb128 0x3
 212 001b 0E       		.uleb128 0xe
 213 001c 00       		.byte	0
 214 001d 00       		.byte	0
 215 001e 03       		.uleb128 0x3
 216 001f 16       		.uleb128 0x16
 217 0020 00       		.byte	0
 218 0021 03       		.uleb128 0x3
 219 0022 0E       		.uleb128 0xe
 220 0023 3A       		.uleb128 0x3a
 221 0024 0B       		.uleb128 0xb
 222 0025 3B       		.uleb128 0x3b
 223 0026 0B       		.uleb128 0xb
 224 0027 49       		.uleb128 0x49
 225 0028 13       		.uleb128 0x13
 226 0029 00       		.byte	0
 227 002a 00       		.byte	0
 228 002b 04       		.uleb128 0x4
 229 002c 24       		.uleb128 0x24
 230 002d 00       		.byte	0
 231 002e 0B       		.uleb128 0xb
 232 002f 0B       		.uleb128 0xb
 233 0030 3E       		.uleb128 0x3e
 234 0031 0B       		.uleb128 0xb
 235 0032 03       		.uleb128 0x3
 236 0033 08       		.uleb128 0x8
 237 0034 00       		.byte	0
 238 0035 00       		.byte	0
 239 0036 05       		.uleb128 0x5
 240 0037 2E       		.uleb128 0x2e
 241 0038 01       		.byte	0x1
 242 0039 3F       		.uleb128 0x3f
 243 003a 19       		.uleb128 0x19
 244 003b 03       		.uleb128 0x3
 245 003c 0E       		.uleb128 0xe
 246 003d 3A       		.uleb128 0x3a
 247 003e 0B       		.uleb128 0xb
 248 003f 3B       		.uleb128 0x3b
 249 0040 0B       		.uleb128 0xb
 250 0041 27       		.uleb128 0x27
 251 0042 19       		.uleb128 0x19
 252 0043 11       		.uleb128 0x11
 253 0044 01       		.uleb128 0x1
 254 0045 12       		.uleb128 0x12
 255 0046 06       		.uleb128 0x6
 256 0047 40       		.uleb128 0x40
 257 0048 18       		.uleb128 0x18
 258 0049 9742     		.uleb128 0x2117
 259 004b 19       		.uleb128 0x19
 260 004c 01       		.uleb128 0x1
 261 004d 13       		.uleb128 0x13
 262 004e 00       		.byte	0
 263 004f 00       		.byte	0
ARM GAS  C:\Users\simon\AppData\Local\Temp\ccvTwwQj.s 			page 6


 264 0050 06       		.uleb128 0x6
 265 0051 898201   		.uleb128 0x4109
 266 0054 00       		.byte	0
 267 0055 11       		.uleb128 0x11
 268 0056 01       		.uleb128 0x1
 269 0057 31       		.uleb128 0x31
 270 0058 13       		.uleb128 0x13
 271 0059 00       		.byte	0
 272 005a 00       		.byte	0
 273 005b 07       		.uleb128 0x7
 274 005c 34       		.uleb128 0x34
 275 005d 00       		.byte	0
 276 005e 03       		.uleb128 0x3
 277 005f 0E       		.uleb128 0xe
 278 0060 3A       		.uleb128 0x3a
 279 0061 0B       		.uleb128 0xb
 280 0062 3B       		.uleb128 0x3b
 281 0063 05       		.uleb128 0x5
 282 0064 49       		.uleb128 0x49
 283 0065 13       		.uleb128 0x13
 284 0066 3F       		.uleb128 0x3f
 285 0067 19       		.uleb128 0x19
 286 0068 3C       		.uleb128 0x3c
 287 0069 19       		.uleb128 0x19
 288 006a 00       		.byte	0
 289 006b 00       		.byte	0
 290 006c 08       		.uleb128 0x8
 291 006d 35       		.uleb128 0x35
 292 006e 00       		.byte	0
 293 006f 49       		.uleb128 0x49
 294 0070 13       		.uleb128 0x13
 295 0071 00       		.byte	0
 296 0072 00       		.byte	0
 297 0073 09       		.uleb128 0x9
 298 0074 34       		.uleb128 0x34
 299 0075 00       		.byte	0
 300 0076 03       		.uleb128 0x3
 301 0077 0E       		.uleb128 0xe
 302 0078 3A       		.uleb128 0x3a
 303 0079 0B       		.uleb128 0xb
 304 007a 3B       		.uleb128 0x3b
 305 007b 0B       		.uleb128 0xb
 306 007c 49       		.uleb128 0x49
 307 007d 13       		.uleb128 0x13
 308 007e 3F       		.uleb128 0x3f
 309 007f 19       		.uleb128 0x19
 310 0080 02       		.uleb128 0x2
 311 0081 18       		.uleb128 0x18
 312 0082 00       		.byte	0
 313 0083 00       		.byte	0
 314 0084 0A       		.uleb128 0xa
 315 0085 2E       		.uleb128 0x2e
 316 0086 00       		.byte	0
 317 0087 3F       		.uleb128 0x3f
 318 0088 19       		.uleb128 0x19
 319 0089 3C       		.uleb128 0x3c
 320 008a 19       		.uleb128 0x19
ARM GAS  C:\Users\simon\AppData\Local\Temp\ccvTwwQj.s 			page 7


 321 008b 6E       		.uleb128 0x6e
 322 008c 0E       		.uleb128 0xe
 323 008d 03       		.uleb128 0x3
 324 008e 0E       		.uleb128 0xe
 325 008f 3A       		.uleb128 0x3a
 326 0090 0B       		.uleb128 0xb
 327 0091 3B       		.uleb128 0x3b
 328 0092 0B       		.uleb128 0xb
 329 0093 00       		.byte	0
 330 0094 00       		.byte	0
 331 0095 00       		.byte	0
 332              		.section	.debug_aranges,"",%progbits
 333 0000 1C000000 		.4byte	0x1c
 334 0004 0200     		.2byte	0x2
 335 0006 00000000 		.4byte	.Ldebug_info0
 336 000a 04       		.byte	0x4
 337 000b 00       		.byte	0
 338 000c 0000     		.2byte	0
 339 000e 0000     		.2byte	0
 340 0010 00000000 		.4byte	.LFB64
 341 0014 14000000 		.4byte	.LFE64-.LFB64
 342 0018 00000000 		.4byte	0
 343 001c 00000000 		.4byte	0
 344              		.section	.debug_ranges,"",%progbits
 345              	.Ldebug_ranges0:
 346 0000 00000000 		.4byte	.LFB64
 347 0004 14000000 		.4byte	.LFE64
 348 0008 00000000 		.4byte	0
 349 000c 00000000 		.4byte	0
 350              		.section	.debug_line,"",%progbits
 351              	.Ldebug_line0:
 352 0000 72010000 		.section	.debug_str,"MS",%progbits,1
 352      02005B01 
 352      00000201 
 352      FB0E0D00 
 352      01010101 
 353              	.LASF6:
 354 0000 6C6F6E67 		.ascii	"long long int\000"
 354      206C6F6E 
 354      6720696E 
 354      7400
 355              	.LASF3:
 356 000e 73686F72 		.ascii	"short unsigned int\000"
 356      7420756E 
 356      7369676E 
 356      65642069 
 356      6E7400
 357              	.LASF8:
 358 0021 756E7369 		.ascii	"unsigned int\000"
 358      676E6564 
 358      20696E74 
 358      00
 359              	.LASF22:
 360 002e 54696D65 		.ascii	"Timer_ACC_ReadStatusRegister\000"
 360      725F4143 
 360      435F5265 
 360      61645374 
ARM GAS  C:\Users\simon\AppData\Local\Temp\ccvTwwQj.s 			page 8


 360      61747573 
 361              	.LASF18:
 362 004b 474E5520 		.ascii	"GNU C11 5.4.1 20160609 (release) [ARM/embedded-5-br"
 362      43313120 
 362      352E342E 
 362      31203230 
 362      31363036 
 363 007e 616E6368 		.ascii	"anch revision 237715] -mcpu=cortex-m3 -mthumb -g -O"
 363      20726576 
 363      6973696F 
 363      6E203233 
 363      37373135 
 364 00b1 67202D66 		.ascii	"g -ffunction-sections -ffat-lto-objects\000"
 364      66756E63 
 364      74696F6E 
 364      2D736563 
 364      74696F6E 
 365              	.LASF5:
 366 00d9 6C6F6E67 		.ascii	"long unsigned int\000"
 366      20756E73 
 366      69676E65 
 366      6420696E 
 366      7400
 367              	.LASF7:
 368 00eb 6C6F6E67 		.ascii	"long long unsigned int\000"
 368      206C6F6E 
 368      6720756E 
 368      7369676E 
 368      65642069 
 369              	.LASF19:
 370 0102 496E7465 		.ascii	"InterruptRoutines.c\000"
 370      72727570 
 370      74526F75 
 370      74696E65 
 370      732E6300 
 371              	.LASF21:
 372 0116 43757374 		.ascii	"Custom_ISR_READ\000"
 372      6F6D5F49 
 372      53525F52 
 372      45414400 
 373              	.LASF17:
 374 0126 466C6167 		.ascii	"FlagREAD\000"
 374      52454144 
 374      00
 375              	.LASF1:
 376 012f 756E7369 		.ascii	"unsigned char\000"
 376      676E6564 
 376      20636861 
 376      7200
 377              	.LASF13:
 378 013d 63686172 		.ascii	"char\000"
 378      00
 379              	.LASF4:
 380 0142 6C6F6E67 		.ascii	"long int\000"
 380      20696E74 
 380      00
 381              	.LASF12:
ARM GAS  C:\Users\simon\AppData\Local\Temp\ccvTwwQj.s 			page 9


 382 014b 646F7562 		.ascii	"double\000"
 382      6C6500
 383              	.LASF16:
 384 0152 49544D5F 		.ascii	"ITM_RxBuffer\000"
 384      52784275 
 384      66666572 
 384      00
 385              	.LASF0:
 386 015f 7369676E 		.ascii	"signed char\000"
 386      65642063 
 386      68617200 
 387              	.LASF14:
 388 016b 6C6F6E67 		.ascii	"long double\000"
 388      20646F75 
 388      626C6500 
 389              	.LASF9:
 390 0177 5F5F696E 		.ascii	"__int32_t\000"
 390      7433325F 
 390      7400
 391              	.LASF20:
 392 0181 433A5C55 		.ascii	"C:\\Users\\simon\\Desktop\\ProgettoLTES\\ASSIGNMENT"
 392      73657273 
 392      5C73696D 
 392      6F6E5C44 
 392      65736B74 
 393 01af 5F30355C 		.ascii	"_05\\PSoC_03\\AY1920_II_HW_05_PROJ_2.2.cydsn\000"
 393      50536F43 
 393      5F30335C 
 393      41593139 
 393      32305F49 
 394              	.LASF11:
 395 01da 666C6F61 		.ascii	"float\000"
 395      7400
 396              	.LASF2:
 397 01e0 73686F72 		.ascii	"short int\000"
 397      7420696E 
 397      7400
 398              	.LASF10:
 399 01ea 696E7433 		.ascii	"int32_t\000"
 399      325F7400 
 400              	.LASF15:
 401 01f2 73697A65 		.ascii	"sizetype\000"
 401      74797065 
 401      00
 402              		.ident	"GCC: (GNU Tools for ARM Embedded Processors) 5.4.1 20160609 (release) [ARM/embedded-5-bran
