ARM GAS  C:\Users\simon\AppData\Local\Temp\ccaChFK0.s 			page 1


   1              		.syntax unified
   2              		.cpu cortex-m3
   3              		.fpu softvfp
   4              		.eabi_attribute 20, 1
   5              		.eabi_attribute 21, 1
   6              		.eabi_attribute 23, 3
   7              		.eabi_attribute 24, 1
   8              		.eabi_attribute 25, 1
   9              		.eabi_attribute 26, 1
  10              		.eabi_attribute 30, 1
  11              		.eabi_attribute 34, 1
  12              		.eabi_attribute 18, 4
  13              		.thumb
  14              		.syntax unified
  15              		.file	"main.c"
  16              		.text
  17              	.Ltext0:
  18              		.cfi_sections	.debug_frame
  19              		.global	__aeabi_i2d
  20              		.global	__aeabi_dmul
  21              		.global	__aeabi_d2f
  22              		.global	__aeabi_fmul
  23              		.global	__aeabi_f2iz
  24              		.global	__aeabi_dadd
  25              		.section	.text.main,"ax",%progbits
  26              		.align	2
  27              		.global	main
  28              		.thumb
  29              		.thumb_func
  30              		.type	main, %function
  31              	main:
  32              	.LFB64:
  33              		.file 1 "main.c"
   1:main.c        **** /**
   2:main.c        **** * Assignment 5 - Project 2.3
   3:main.c        **** *
   4:main.c        **** * In this project we want to apply the I2C protocol
   5:main.c        **** * to read data from the LIS3DH accelerometer through a multiread.
   6:main.c        **** * In this section we want to read the data in acceleration units, so m/s^2.
   7:main.c        **** *
   8:main.c        **** * \author Simone Fiorani
   9:main.c        **** * \date , 2020
  10:main.c        **** */
  11:main.c        **** 
  12:main.c        **** // Include required header files
  13:main.c        **** #include "I2C_Interface.h"
  14:main.c        **** #include "project.h"
  15:main.c        **** #include "stdio.h"
  16:main.c        **** #include "InterruptRoutines.h"
  17:main.c        **** 
  18:main.c        **** /**
  19:main.c        **** *   \brief 7-bit I2C address of the slave device.
  20:main.c        **** */
  21:main.c        **** #define LIS3DH_DEVICE_ADDRESS 0x18
  22:main.c        **** 
  23:main.c        **** /**
  24:main.c        **** *   \brief Address of the WHO AM I register
ARM GAS  C:\Users\simon\AppData\Local\Temp\ccaChFK0.s 			page 2


  25:main.c        **** */
  26:main.c        **** #define LIS3DH_WHO_AM_I_REG_ADDR 0x0F
  27:main.c        **** 
  28:main.c        **** /**
  29:main.c        **** *   \brief Address of the Status register
  30:main.c        **** */
  31:main.c        **** #define LIS3DH_STATUS_REG 0x27
  32:main.c        **** 
  33:main.c        **** /**
  34:main.c        **** *   \brief Address of the Control register 1
  35:main.c        **** */
  36:main.c        **** #define LIS3DH_CTRL_REG1 0x20
  37:main.c        **** 
  38:main.c        **** /**
  39:main.c        **** *   \brief Address of the Control register 4
  40:main.c        **** */
  41:main.c        **** #define LIS3DH_CTRL_REG4 0x23
  42:main.c        **** 
  43:main.c        **** /**
  44:main.c        **** *   \brief Address of the Xaxis output LSB register. It will be the first accelerometer register to
  45:main.c        **** */
  46:main.c        **** #define LIS3DH_X_AXIS_L 0x28
  47:main.c        **** 
  48:main.c        **** /**
  49:main.c        **** *   \brief Hex value to set normal mode, 100 Hz in CTRL_REG_1
  50:main.c        **** */
  51:main.c        **** #define LIS3DH_NORMAL_MODE_100HZ_CTRL_REG_1 0x57
  52:main.c        **** 
  53:main.c        **** /**
  54:main.c        **** *   \brief Hex value to set high resolution mode and +-4.0g FSR in CTRL_REG_4
  55:main.c        **** */
  56:main.c        **** #define LIS3DH_HIGH_RES_MODE_4G_CTRL_REG_4 0x98
  57:main.c        **** 
  58:main.c        **** 
  59:main.c        **** /******************************************/
  60:main.c        **** 
  61:main.c        **** 
  62:main.c        **** int main(void)
  63:main.c        **** {
  34              		.loc 1 63 0
  35              		.cfi_startproc
  36              		@ args = 0, pretend = 0, frame = 80
  37              		@ frame_needed = 0, uses_anonymous_args = 0
  38 0000 10B5     		push	{r4, lr}
  39              		.cfi_def_cfa_offset 8
  40              		.cfi_offset 4, -8
  41              		.cfi_offset 14, -4
  42 0002 94B0     		sub	sp, sp, #80
  43              		.cfi_def_cfa_offset 88
  64:main.c        ****     CyGlobalIntEnable; /* Enable global interrupts. */
  44              		.loc 1 64 0
  45              		.syntax unified
  46              	@ 64 "main.c" 1
  47 0004 62B6     		CPSIE   i
  48              	@ 0 "" 2
  65:main.c        ****     
  66:main.c        ****     I2C_Peripheral_Start(); // Start of the I2C
ARM GAS  C:\Users\simon\AppData\Local\Temp\ccaChFK0.s 			page 3


  49              		.loc 1 66 0
  50              		.thumb
  51              		.syntax unified
  52 0006 FFF7FEFF 		bl	I2C_Peripheral_Start
  53              	.LVL0:
  67:main.c        ****     UART_Debug_Start();     // Start of UART
  54              		.loc 1 67 0
  55 000a FFF7FEFF 		bl	UART_Debug_Start
  56              	.LVL1:
  68:main.c        ****     
  69:main.c        ****     
  70:main.c        ****     CyDelay(5); //"The boot procedure is complete about 5 milliseconds after device power-up."
  57              		.loc 1 70 0
  58 000e 0520     		movs	r0, #5
  59 0010 FFF7FEFF 		bl	CyDelay
  60              	.LVL2:
  61              	.LBB2:
  71:main.c        ****     
  72:main.c        ****     // String to print out messages on the UART
  73:main.c        ****     char message[50];
  74:main.c        **** 
  75:main.c        ****     // Check which devices are present on the I2C bus
  76:main.c        ****     for (int i = 0 ; i < 128; i++)
  62              		.loc 1 76 0
  63 0014 0024     		movs	r4, #0
  64 0016 0CE0     		b	.L2
  65              	.LVL3:
  66              	.L4:
  77:main.c        ****     {
  78:main.c        ****         if (I2C_Peripheral_IsDeviceConnected(i))
  67              		.loc 1 78 0
  68 0018 E0B2     		uxtb	r0, r4
  69 001a FFF7FEFF 		bl	I2C_Peripheral_IsDeviceConnected
  70              	.LVL4:
  71 001e 38B1     		cbz	r0, .L3
  79:main.c        ****         {
  80:main.c        ****             // print out the address is hex format
  81:main.c        ****             sprintf(message, "Device 0x%02X is connected\r\n", i);
  72              		.loc 1 81 0
  73 0020 2246     		mov	r2, r4
  74 0022 9149     		ldr	r1, .L19+16
  75 0024 07A8     		add	r0, sp, #28
  76 0026 FFF7FEFF 		bl	sprintf
  77              	.LVL5:
  82:main.c        ****             UART_Debug_PutString(message); 
  78              		.loc 1 82 0
  79 002a 07A8     		add	r0, sp, #28
  80 002c FFF7FEFF 		bl	UART_Debug_PutString
  81              	.LVL6:
  82              	.L3:
  76:main.c        ****     {
  83              		.loc 1 76 0 discriminator 2
  84 0030 0134     		adds	r4, r4, #1
  85              	.LVL7:
  86              	.L2:
  76:main.c        ****     {
  87              		.loc 1 76 0 is_stmt 0 discriminator 1
ARM GAS  C:\Users\simon\AppData\Local\Temp\ccaChFK0.s 			page 4


  88 0032 7F2C     		cmp	r4, #127
  89 0034 F0DD     		ble	.L4
  90              	.LBE2:
  83:main.c        ****         }
  84:main.c        ****         
  85:main.c        ****     }
  86:main.c        ****     
  87:main.c        ****     /******************************************/
  88:main.c        ****     /*            I2C Reading                 */
  89:main.c        ****     /******************************************/
  90:main.c        ****     
  91:main.c        ****     /* Read WHO AM I REGISTER register */
  92:main.c        ****     uint8_t who_am_i_reg;
  93:main.c        ****     
  94:main.c        ****     ErrorCode error = I2C_Peripheral_ReadRegister(LIS3DH_DEVICE_ADDRESS,
  91              		.loc 1 94 0 is_stmt 1
  92 0036 0DF11B02 		add	r2, sp, #27
  93 003a 0F21     		movs	r1, #15
  94 003c 1820     		movs	r0, #24
  95 003e FFF7FEFF 		bl	I2C_Peripheral_ReadRegister
  96              	.LVL8:
  95:main.c        ****                                                   LIS3DH_WHO_AM_I_REG_ADDR, 
  96:main.c        ****                                                   &who_am_i_reg);
  97:main.c        ****     if (error == NO_ERROR)
  97              		.loc 1 97 0
  98 0042 48B9     		cbnz	r0, .L5
  98:main.c        ****     {
  99:main.c        ****         sprintf(message, "WHO AM I REG: 0x%02X [Expected: 0x33]\r\n", who_am_i_reg);
  99              		.loc 1 99 0
 100 0044 9DF81B20 		ldrb	r2, [sp, #27]	@ zero_extendqisi2
 101 0048 8849     		ldr	r1, .L19+20
 102 004a 07A8     		add	r0, sp, #28
 103              	.LVL9:
 104 004c FFF7FEFF 		bl	sprintf
 105              	.LVL10:
 100:main.c        ****         UART_Debug_PutString(message); 
 106              		.loc 1 100 0
 107 0050 07A8     		add	r0, sp, #28
 108 0052 FFF7FEFF 		bl	UART_Debug_PutString
 109              	.LVL11:
 110 0056 02E0     		b	.L6
 111              	.LVL12:
 112              	.L5:
 101:main.c        ****     }
 102:main.c        ****     else
 103:main.c        ****     {
 104:main.c        ****         UART_Debug_PutString("Error occurred during I2C comm\r\n");   
 113              		.loc 1 104 0
 114 0058 8548     		ldr	r0, .L19+24
 115              	.LVL13:
 116 005a FFF7FEFF 		bl	UART_Debug_PutString
 117              	.LVL14:
 118              	.L6:
 105:main.c        ****     }
 106:main.c        ****     
 107:main.c        ****     /******************************************/
 108:main.c        ****     /*      I2C Reading Status Register       */
ARM GAS  C:\Users\simon\AppData\Local\Temp\ccaChFK0.s 			page 5


 109:main.c        ****     /******************************************/
 110:main.c        ****     
 111:main.c        ****     uint8_t status_register; 
 112:main.c        ****     
 113:main.c        ****     error = I2C_Peripheral_ReadRegister(LIS3DH_DEVICE_ADDRESS,
 119              		.loc 1 113 0
 120 005e 0DF11A02 		add	r2, sp, #26
 121 0062 2721     		movs	r1, #39
 122 0064 1820     		movs	r0, #24
 123 0066 FFF7FEFF 		bl	I2C_Peripheral_ReadRegister
 124              	.LVL15:
 114:main.c        ****                                         LIS3DH_STATUS_REG,
 115:main.c        ****                                         &status_register);
 116:main.c        ****     
 117:main.c        ****     if (error == NO_ERROR)
 125              		.loc 1 117 0
 126 006a 48B9     		cbnz	r0, .L7
 118:main.c        ****     {
 119:main.c        ****         sprintf(message, "STATUS REGISTER: 0x%02X\r\n", status_register);
 127              		.loc 1 119 0
 128 006c 9DF81A20 		ldrb	r2, [sp, #26]	@ zero_extendqisi2
 129 0070 8049     		ldr	r1, .L19+28
 130 0072 07A8     		add	r0, sp, #28
 131              	.LVL16:
 132 0074 FFF7FEFF 		bl	sprintf
 133              	.LVL17:
 120:main.c        ****         UART_Debug_PutString(message); 
 134              		.loc 1 120 0
 135 0078 07A8     		add	r0, sp, #28
 136 007a FFF7FEFF 		bl	UART_Debug_PutString
 137              	.LVL18:
 138 007e 02E0     		b	.L8
 139              	.LVL19:
 140              	.L7:
 121:main.c        ****     }
 122:main.c        ****     else
 123:main.c        ****     {
 124:main.c        ****         UART_Debug_PutString("Error occurred during I2C comm to read status register\r\n");   
 141              		.loc 1 124 0
 142 0080 7D48     		ldr	r0, .L19+32
 143              	.LVL20:
 144 0082 FFF7FEFF 		bl	UART_Debug_PutString
 145              	.LVL21:
 146              	.L8:
 125:main.c        ****     }
 126:main.c        ****     
 127:main.c        ****     /******************************************/
 128:main.c        ****     /*            I2C Writing                 */
 129:main.c        ****     /******************************************/
 130:main.c        ****     
 131:main.c        ****     uint8_t ctrl_reg1;
 132:main.c        ****     
 133:main.c        ****     if (ctrl_reg1 != LIS3DH_NORMAL_MODE_100HZ_CTRL_REG_1)
 147              		.loc 1 133 0
 148 0086 9DF81930 		ldrb	r3, [sp, #25]	@ zero_extendqisi2
 149 008a 572B     		cmp	r3, #87
 150 008c 14D0     		beq	.L9
ARM GAS  C:\Users\simon\AppData\Local\Temp\ccaChFK0.s 			page 6


 134:main.c        ****     {
 135:main.c        ****         ctrl_reg1 = LIS3DH_NORMAL_MODE_100HZ_CTRL_REG_1; // We set the 100 Hz, normal mode to sampl
 151              		.loc 1 135 0
 152 008e 5722     		movs	r2, #87
 153 0090 8DF81920 		strb	r2, [sp, #25]
 136:main.c        ****     
 137:main.c        ****         error = I2C_Peripheral_WriteRegister(LIS3DH_DEVICE_ADDRESS,
 154              		.loc 1 137 0
 155 0094 2021     		movs	r1, #32
 156 0096 1820     		movs	r0, #24
 157 0098 FFF7FEFF 		bl	I2C_Peripheral_WriteRegister
 158              	.LVL22:
 138:main.c        ****                                              LIS3DH_CTRL_REG1,
 139:main.c        ****                                              ctrl_reg1);
 140:main.c        ****     
 141:main.c        ****         if (error == NO_ERROR)
 159              		.loc 1 141 0
 160 009c 48B9     		cbnz	r0, .L10
 142:main.c        ****         {
 143:main.c        ****             sprintf(message, "CONTROL REGISTER 1 successfully written as: 0x%02X\r\n", ctrl_reg1);
 161              		.loc 1 143 0
 162 009e 9DF81920 		ldrb	r2, [sp, #25]	@ zero_extendqisi2
 163 00a2 7649     		ldr	r1, .L19+36
 164 00a4 07A8     		add	r0, sp, #28
 165              	.LVL23:
 166 00a6 FFF7FEFF 		bl	sprintf
 167              	.LVL24:
 144:main.c        ****             UART_Debug_PutString(message); 
 168              		.loc 1 144 0
 169 00aa 07A8     		add	r0, sp, #28
 170 00ac FFF7FEFF 		bl	UART_Debug_PutString
 171              	.LVL25:
 172 00b0 02E0     		b	.L9
 173              	.LVL26:
 174              	.L10:
 145:main.c        ****         }
 146:main.c        ****         else
 147:main.c        ****         {
 148:main.c        ****             UART_Debug_PutString("Error occurred during I2C comm to set control register 1\r\n");  
 175              		.loc 1 148 0
 176 00b2 7348     		ldr	r0, .L19+40
 177              	.LVL27:
 178 00b4 FFF7FEFF 		bl	UART_Debug_PutString
 179              	.LVL28:
 180              	.L9:
 149:main.c        ****         }
 150:main.c        ****     }
 151:main.c        ****     
 152:main.c        ****     
 153:main.c        ****     /******************************************/
 154:main.c        ****     /*         Read Control Register 1        */
 155:main.c        ****     /******************************************/
 156:main.c        **** 
 157:main.c        ****     error = I2C_Peripheral_ReadRegister(LIS3DH_DEVICE_ADDRESS,
 181              		.loc 1 157 0
 182 00b8 0DF11902 		add	r2, sp, #25
 183 00bc 2021     		movs	r1, #32
ARM GAS  C:\Users\simon\AppData\Local\Temp\ccaChFK0.s 			page 7


 184 00be 1820     		movs	r0, #24
 185 00c0 FFF7FEFF 		bl	I2C_Peripheral_ReadRegister
 186              	.LVL29:
 158:main.c        ****                                         LIS3DH_CTRL_REG1,
 159:main.c        ****                                         &ctrl_reg1);
 160:main.c        ****     
 161:main.c        ****     if (error == NO_ERROR)
 187              		.loc 1 161 0
 188 00c4 48B9     		cbnz	r0, .L11
 162:main.c        ****     {
 163:main.c        ****         sprintf(message, "CONTROL REGISTER 1 after overwrite operation: 0x%02X\r\n", ctrl_reg1);
 189              		.loc 1 163 0
 190 00c6 9DF81920 		ldrb	r2, [sp, #25]	@ zero_extendqisi2
 191 00ca 6E49     		ldr	r1, .L19+44
 192 00cc 07A8     		add	r0, sp, #28
 193              	.LVL30:
 194 00ce FFF7FEFF 		bl	sprintf
 195              	.LVL31:
 164:main.c        ****         UART_Debug_PutString(message); 
 196              		.loc 1 164 0
 197 00d2 07A8     		add	r0, sp, #28
 198 00d4 FFF7FEFF 		bl	UART_Debug_PutString
 199              	.LVL32:
 200 00d8 02E0     		b	.L12
 201              	.LVL33:
 202              	.L11:
 165:main.c        ****     }
 166:main.c        ****     else
 167:main.c        ****     {
 168:main.c        ****         UART_Debug_PutString("Error occurred during I2C comm to read control register 1\r\n");   
 203              		.loc 1 168 0
 204 00da 6B48     		ldr	r0, .L19+48
 205              	.LVL34:
 206 00dc FFF7FEFF 		bl	UART_Debug_PutString
 207              	.LVL35:
 208              	.L12:
 169:main.c        ****     }
 170:main.c        ****     
 171:main.c        ****     /******************************************/
 172:main.c        ****     /*          Set Control Register 4        */
 173:main.c        ****     /******************************************/
 174:main.c        ****     
 175:main.c        ****     uint8_t ctrl_reg4;
 176:main.c        **** 
 177:main.c        ****     ctrl_reg4 = LIS3DH_HIGH_RES_MODE_4G_CTRL_REG_4; // We set the high resolution (12 bit value), +
 209              		.loc 1 177 0
 210 00e0 9822     		movs	r2, #152
 211 00e2 14AC     		add	r4, sp, #80
 212              	.LVL36:
 213 00e4 04F8382D 		strb	r2, [r4, #-56]!
 178:main.c        ****                                                     // so the data won't be uploaded, until both LS
 179:main.c        ****     
 180:main.c        ****     error = I2C_Peripheral_WriteRegister(LIS3DH_DEVICE_ADDRESS,
 214              		.loc 1 180 0
 215 00e8 2321     		movs	r1, #35
 216 00ea 1820     		movs	r0, #24
 217 00ec FFF7FEFF 		bl	I2C_Peripheral_WriteRegister
ARM GAS  C:\Users\simon\AppData\Local\Temp\ccaChFK0.s 			page 8


 218              	.LVL37:
 181:main.c        ****                                          LIS3DH_CTRL_REG4,
 182:main.c        ****                                          ctrl_reg4);
 183:main.c        ****     
 184:main.c        ****     error = I2C_Peripheral_ReadRegister(LIS3DH_DEVICE_ADDRESS,
 219              		.loc 1 184 0
 220 00f0 2246     		mov	r2, r4
 221 00f2 2321     		movs	r1, #35
 222 00f4 1820     		movs	r0, #24
 223 00f6 FFF7FEFF 		bl	I2C_Peripheral_ReadRegister
 224              	.LVL38:
 185:main.c        ****                                         LIS3DH_CTRL_REG4,
 186:main.c        ****                                         &ctrl_reg4);
 187:main.c        ****     
 188:main.c        ****     
 189:main.c        ****     if (error == NO_ERROR)
 225              		.loc 1 189 0
 226 00fa 48B9     		cbnz	r0, .L13
 190:main.c        ****     {
 191:main.c        ****         sprintf(message, "CONTROL REGISTER 4 after being updated: 0x%02X\r\n", ctrl_reg4);
 227              		.loc 1 191 0
 228 00fc 9DF81820 		ldrb	r2, [sp, #24]	@ zero_extendqisi2
 229 0100 6249     		ldr	r1, .L19+52
 230 0102 07A8     		add	r0, sp, #28
 231              	.LVL39:
 232 0104 FFF7FEFF 		bl	sprintf
 233              	.LVL40:
 192:main.c        ****         UART_Debug_PutString(message); 
 234              		.loc 1 192 0
 235 0108 07A8     		add	r0, sp, #28
 236 010a FFF7FEFF 		bl	UART_Debug_PutString
 237              	.LVL41:
 238 010e 02E0     		b	.L14
 239              	.LVL42:
 240              	.L13:
 193:main.c        ****     }
 194:main.c        ****     else
 195:main.c        ****     {
 196:main.c        ****         UART_Debug_PutString("Error occurred during I2C comm to read control register4\r\n");   
 241              		.loc 1 196 0
 242 0110 5F48     		ldr	r0, .L19+56
 243              	.LVL43:
 244 0112 FFF7FEFF 		bl	UART_Debug_PutString
 245              	.LVL44:
 246              	.L14:
 197:main.c        ****     }
 198:main.c        ****     
 199:main.c        ****     /******************************************/
 200:main.c        ****     /*   Reading of the 3 Axis Accelerometer  */
 201:main.c        ****     /******************************************/
 202:main.c        ****     
 203:main.c        ****     
 204:main.c        ****     uint8_t StatusReg;      // Reading of the StatusReg to check if new data is available
 205:main.c        ****     int16_t OutTemp;        // Variable containing the actual, int16, data of the i-Axis accelerome
 206:main.c        ****     uint8_t header = 0xA0;  // Header of the UART string
 207:main.c        ****     uint8_t footer = 0xC0;  // Footer of the UART string
 208:main.c        ****     uint8_t OutArray[14];   // The final packet sent by UART
ARM GAS  C:\Users\simon\AppData\Local\Temp\ccaChFK0.s 			page 9


 209:main.c        ****     uint8_t AccData[6];     // Array containig the accelerometer data in this order: LSB and MSB of
 210:main.c        ****     
 211:main.c        ****     float Xaxis_Acc;        // Value of the acceleration after the conversion
 212:main.c        ****     float Yaxis_Acc;        //      from the int16 value in mg to the float
 213:main.c        ****     float Zaxis_Acc;        //      value in m/s^2 of the X,Y and Z axis
 214:main.c        ****     
 215:main.c        ****     int32 Xaxis_OUT;        // Value of the acceleration in m/s^2 convertedin int32.
 216:main.c        ****     int32 Yaxis_OUT;        //      This must be done, because in the bridge control
 217:main.c        ****     int32 Zaxis_OUT;        //      panel is easier to manage an int than a float
 218:main.c        ****     
 219:main.c        ****     OutArray[0] = header;   // First byte of the string is the header
 247              		.loc 1 219 0
 248 0116 A023     		movs	r3, #160
 249 0118 8DF80830 		strb	r3, [sp, #8]
 220:main.c        ****     OutArray[13] = footer;   // Last byte of the string is the footer
 250              		.loc 1 220 0
 251 011c C023     		movs	r3, #192
 252 011e 8DF81530 		strb	r3, [sp, #21]
 253              	.L15:
 221:main.c        ****     
 222:main.c        **** //    isr_READ_StartEx(Custom_ISR_READ);  // Starting the ISR that rise the flag enabling the accel
 223:main.c        **** //    Timer_ACC_Start();                  // Timer that generates the ISR at 100 Hz, in order to ha
 224:main.c        ****      
 225:main.c        ****     for(;;)
 226:main.c        ****     {
 227:main.c        **** //        if (FlagREAD == 1) // If the timer has generated the interrupt
 228:main.c        **** //        {
 229:main.c        ****             error = I2C_Peripheral_ReadRegister(LIS3DH_DEVICE_ADDRESS,  // Read the content of the 
 254              		.loc 1 229 0
 255 0122 0DF11702 		add	r2, sp, #23
 256 0126 2721     		movs	r1, #39
 257 0128 1820     		movs	r0, #24
 258 012a FFF7FEFF 		bl	I2C_Peripheral_ReadRegister
 259              	.LVL45:
 230:main.c        ****                                                 LIS3DH_STATUS_REG,      // the bit ZYXDA (bit 3), t
 231:main.c        ****                                                 &StatusReg);            // available. BDU active en
 232:main.c        ****                                                                         // won't be updated until t
 233:main.c        ****                                                                         
 234:main.c        ****             if ( (StatusReg & 0x08) == 0x08 ) // If bit ZYXDA is high (new data available)
 260              		.loc 1 234 0
 261 012e 9DF81730 		ldrb	r3, [sp, #23]	@ zero_extendqisi2
 262 0132 13F0080F 		tst	r3, #8
 263 0136 F4D0     		beq	.L15
 235:main.c        ****             {
 236:main.c        ****                 error = I2C_Peripheral_ReadRegisterMulti(LIS3DH_DEVICE_ADDRESS, // Read the content
 264              		.loc 1 236 0
 265 0138 6B46     		mov	r3, sp
 266 013a 0622     		movs	r2, #6
 267 013c 2821     		movs	r1, #40
 268 013e 1820     		movs	r0, #24
 269 0140 FFF7FEFF 		bl	I2C_Peripheral_ReadRegisterMulti
 270              	.LVL46:
 237:main.c        ****                                                          LIS3DH_X_AXIS_L,       // Starting the rea
 238:main.c        ****                                                          6,                     // We have 6 regist
 239:main.c        ****                                                          &AccData[0]);          // The content save
 240:main.c        ****                 
 241:main.c        ****                 if(error == NO_ERROR)   // If reading completed without errors
ARM GAS  C:\Users\simon\AppData\Local\Temp\ccaChFK0.s 			page 10


 271              		.loc 1 241 0
 272 0144 0028     		cmp	r0, #0
 273 0146 ECD1     		bne	.L15
 242:main.c        ****                 {
 243:main.c        ****                                        
 244:main.c        ****                     OutTemp = (int16)((AccData[0] | (AccData[1]<<8)))>>4;   // LSB and MSB of the r
 274              		.loc 1 244 0
 275 0148 9DF80030 		ldrb	r3, [sp]	@ zero_extendqisi2
 276 014c 9DF80100 		ldrb	r0, [sp, #1]	@ zero_extendqisi2
 277              	.LVL47:
 278 0150 43EA0020 		orr	r0, r3, r0, lsl #8
 279 0154 40F30B10 		sbfx	r0, r0, #4, #12
 280              	.LVL48:
 245:main.c        ****                                                                             //      in order to rig
 246:main.c        ****                     
 247:main.c        ****                     
 248:main.c        ****                     Xaxis_Acc = OutTemp * 2 * 9.806 * 0.001;    // We multiply the value for the se
 281              		.loc 1 248 0
 282 0158 4000     		lsls	r0, r0, #1
 283              	.LVL49:
 284 015a FFF7FEFF 		bl	__aeabi_i2d
 285              	.LVL50:
 286 015e 3EA3     		adr	r3, .L19
 287 0160 D3E90023 		ldrd	r2, [r3]
 288 0164 FFF7FEFF 		bl	__aeabi_dmul
 289              	.LVL51:
 290 0168 3DA3     		adr	r3, .L19+8
 291 016a D3E90023 		ldrd	r2, [r3]
 292 016e FFF7FEFF 		bl	__aeabi_dmul
 293              	.LVL52:
 294 0172 FFF7FEFF 		bl	__aeabi_d2f
 295              	.LVL53:
 249:main.c        ****                                                                 //      converted from m/s^2 to mm/
 250:main.c        ****                     
 251:main.c        ****                     Xaxis_OUT = Xaxis_Acc * 1000;               // We create an int32 from the floa
 296              		.loc 1 251 0
 297 0176 4749     		ldr	r1, .L19+60
 298 0178 FFF7FEFF 		bl	__aeabi_fmul
 299              	.LVL54:
 300 017c FFF7FEFF 		bl	__aeabi_f2iz
 301              	.LVL55:
 252:main.c        ****                     
 253:main.c        ****                     OutArray[1] = (uint8_t)(Xaxis_OUT & 0xFF);  // Separation of the int32 in the 4
 302              		.loc 1 253 0
 303 0180 8DF80900 		strb	r0, [sp, #9]
 254:main.c        ****                     OutArray[2] = (uint8_t)(Xaxis_OUT >> 8);    //      to the UART. The order il L
 304              		.loc 1 254 0
 305 0184 C0F30723 		ubfx	r3, r0, #8, #8
 306 0188 8DF80A30 		strb	r3, [sp, #10]
 255:main.c        ****                     OutArray[3] = (uint8_t)(Xaxis_OUT >> 16);
 307              		.loc 1 255 0
 308 018c C0F30743 		ubfx	r3, r0, #16, #8
 309 0190 8DF80B30 		strb	r3, [sp, #11]
 256:main.c        ****                     OutArray[4] = (uint8_t)(Xaxis_OUT >> 24);
 310              		.loc 1 256 0
 311 0194 000E     		lsrs	r0, r0, #24
 312              	.LVL56:
ARM GAS  C:\Users\simon\AppData\Local\Temp\ccaChFK0.s 			page 11


 313 0196 8DF80C00 		strb	r0, [sp, #12]
 257:main.c        ****                     
 258:main.c        ****                     OutTemp = (int16)((AccData[2] | (AccData[3]<<8)))>>4;   // Repetition of the re
 314              		.loc 1 258 0
 315 019a 9DF80230 		ldrb	r3, [sp, #2]	@ zero_extendqisi2
 316 019e 9DF80300 		ldrb	r0, [sp, #3]	@ zero_extendqisi2
 317 01a2 43EA0020 		orr	r0, r3, r0, lsl #8
 318              	.LVL57:
 259:main.c        ****                     
 260:main.c        ****                     Yaxis_Acc = OutTemp * 9.806 * 0.001 * 2;
 319              		.loc 1 260 0
 320 01a6 40F30B10 		sbfx	r0, r0, #4, #12
 321              	.LVL58:
 322 01aa FFF7FEFF 		bl	__aeabi_i2d
 323              	.LVL59:
 324 01ae 2AA3     		adr	r3, .L19
 325 01b0 D3E90023 		ldrd	r2, [r3]
 326 01b4 FFF7FEFF 		bl	__aeabi_dmul
 327              	.LVL60:
 328 01b8 29A3     		adr	r3, .L19+8
 329 01ba D3E90023 		ldrd	r2, [r3]
 330 01be FFF7FEFF 		bl	__aeabi_dmul
 331              	.LVL61:
 332 01c2 0246     		mov	r2, r0
 333 01c4 0B46     		mov	r3, r1
 334 01c6 FFF7FEFF 		bl	__aeabi_dadd
 335              	.LVL62:
 336 01ca FFF7FEFF 		bl	__aeabi_d2f
 337              	.LVL63:
 261:main.c        ****                     
 262:main.c        ****                     Yaxis_OUT = Yaxis_Acc * 1000;
 338              		.loc 1 262 0
 339 01ce 3149     		ldr	r1, .L19+60
 340 01d0 FFF7FEFF 		bl	__aeabi_fmul
 341              	.LVL64:
 342 01d4 FFF7FEFF 		bl	__aeabi_f2iz
 343              	.LVL65:
 263:main.c        ****                     
 264:main.c        ****                     OutArray[5] = (uint8_t)(Yaxis_OUT & 0xFF);
 344              		.loc 1 264 0
 345 01d8 8DF80D00 		strb	r0, [sp, #13]
 265:main.c        ****                     OutArray[6] = (uint8_t)(Yaxis_OUT >> 8);
 346              		.loc 1 265 0
 347 01dc C0F30723 		ubfx	r3, r0, #8, #8
 348 01e0 8DF80E30 		strb	r3, [sp, #14]
 266:main.c        ****                     OutArray[7] = (uint8_t)(Yaxis_OUT >> 16);
 349              		.loc 1 266 0
 350 01e4 C0F30743 		ubfx	r3, r0, #16, #8
 351 01e8 8DF80F30 		strb	r3, [sp, #15]
 267:main.c        ****                     OutArray[8] = (uint8_t)(Yaxis_OUT >> 24);
 352              		.loc 1 267 0
 353 01ec 000E     		lsrs	r0, r0, #24
 354              	.LVL66:
 355 01ee 8DF81000 		strb	r0, [sp, #16]
 268:main.c        ****                     
 269:main.c        ****                     OutTemp = (int16)((AccData[4] | (AccData[5]<<8)))>>4;   // Repetition of the re
 356              		.loc 1 269 0
ARM GAS  C:\Users\simon\AppData\Local\Temp\ccaChFK0.s 			page 12


 357 01f2 9DF80430 		ldrb	r3, [sp, #4]	@ zero_extendqisi2
 358 01f6 9DF80500 		ldrb	r0, [sp, #5]	@ zero_extendqisi2
 359 01fa 43EA0020 		orr	r0, r3, r0, lsl #8
 360              	.LVL67:
 270:main.c        ****                     
 271:main.c        ****                     Zaxis_Acc = OutTemp * 9.806 * 0.001 * 2;
 361              		.loc 1 271 0
 362 01fe 40F30B10 		sbfx	r0, r0, #4, #12
 363              	.LVL68:
 364 0202 FFF7FEFF 		bl	__aeabi_i2d
 365              	.LVL69:
 366 0206 14A3     		adr	r3, .L19
 367 0208 D3E90023 		ldrd	r2, [r3]
 368 020c FFF7FEFF 		bl	__aeabi_dmul
 369              	.LVL70:
 370 0210 13A3     		adr	r3, .L19+8
 371 0212 D3E90023 		ldrd	r2, [r3]
 372 0216 FFF7FEFF 		bl	__aeabi_dmul
 373              	.LVL71:
 374 021a 0246     		mov	r2, r0
 375 021c 0B46     		mov	r3, r1
 376 021e FFF7FEFF 		bl	__aeabi_dadd
 377              	.LVL72:
 378 0222 FFF7FEFF 		bl	__aeabi_d2f
 379              	.LVL73:
 272:main.c        ****                     
 273:main.c        ****                     Zaxis_OUT = Zaxis_Acc * 1000;
 380              		.loc 1 273 0
 381 0226 1B49     		ldr	r1, .L19+60
 382 0228 FFF7FEFF 		bl	__aeabi_fmul
 383              	.LVL74:
 384 022c FFF7FEFF 		bl	__aeabi_f2iz
 385              	.LVL75:
 274:main.c        ****                     
 275:main.c        ****                     OutArray[9] = (uint8_t) (Zaxis_OUT & 0xFF);
 386              		.loc 1 275 0
 387 0230 8DF81100 		strb	r0, [sp, #17]
 276:main.c        ****                     OutArray[10] = (uint8_t)(Zaxis_OUT >> 8);
 388              		.loc 1 276 0
 389 0234 C0F30723 		ubfx	r3, r0, #8, #8
 390 0238 8DF81230 		strb	r3, [sp, #18]
 277:main.c        ****                     OutArray[11] = (uint8_t)(Zaxis_OUT >> 16);
 391              		.loc 1 277 0
 392 023c C0F30743 		ubfx	r3, r0, #16, #8
 393 0240 8DF81330 		strb	r3, [sp, #19]
 278:main.c        ****                     OutArray[12] = (uint8_t)(Zaxis_OUT >> 24);
 394              		.loc 1 278 0
 395 0244 000E     		lsrs	r0, r0, #24
 396              	.LVL76:
 397 0246 8DF81400 		strb	r0, [sp, #20]
 279:main.c        ****                     
 280:main.c        ****                     UART_Debug_PutArray(OutArray, 14);// Sending of the complete string through UAR
 398              		.loc 1 280 0
 399 024a 0E21     		movs	r1, #14
 400 024c 02A8     		add	r0, sp, #8
 401 024e FFF7FEFF 		bl	UART_Debug_PutArray
 402              	.LVL77:
ARM GAS  C:\Users\simon\AppData\Local\Temp\ccaChFK0.s 			page 13


 403 0252 66E7     		b	.L15
 404              	.L20:
 405 0254 AFF30080 		.align	3
 406              	.L19:
 407 0258 E9263108 		.word	137438953
 408 025c AC9C2340 		.word	1076075692
 409 0260 FCA9F1D2 		.word	-755914244
 410 0264 4D62503F 		.word	1062232653
 411 0268 00000000 		.word	.LC0
 412 026c 20000000 		.word	.LC1
 413 0270 48000000 		.word	.LC2
 414 0274 6C000000 		.word	.LC3
 415 0278 88000000 		.word	.LC4
 416 027c C4000000 		.word	.LC5
 417 0280 FC000000 		.word	.LC6
 418 0284 38010000 		.word	.LC7
 419 0288 70010000 		.word	.LC8
 420 028c AC010000 		.word	.LC9
 421 0290 E0010000 		.word	.LC10
 422 0294 00007A44 		.word	1148846080
 423              		.cfi_endproc
 424              	.LFE64:
 425              		.size	main, .-main
 426              		.comm	FlagREAD,4,4
 427              		.section	.rodata.str1.4,"aMS",%progbits,1
 428              		.align	2
 429              	.LC0:
 430 0000 44657669 		.ascii	"Device 0x%02X is connected\015\012\000"
 430      63652030 
 430      78253032 
 430      58206973 
 430      20636F6E 
 431 001d 000000   		.space	3
 432              	.LC1:
 433 0020 57484F20 		.ascii	"WHO AM I REG: 0x%02X [Expected: 0x33]\015\012\000"
 433      414D2049 
 433      20524547 
 433      3A203078 
 433      25303258 
 434              	.LC2:
 435 0048 4572726F 		.ascii	"Error occurred during I2C comm\015\012\000"
 435      72206F63 
 435      63757272 
 435      65642064 
 435      7572696E 
 436 0069 000000   		.space	3
 437              	.LC3:
 438 006c 53544154 		.ascii	"STATUS REGISTER: 0x%02X\015\012\000"
 438      55532052 
 438      45474953 
 438      5445523A 
 438      20307825 
 439 0086 0000     		.space	2
 440              	.LC4:
 441 0088 4572726F 		.ascii	"Error occurred during I2C comm to read status regis"
 441      72206F63 
 441      63757272 
ARM GAS  C:\Users\simon\AppData\Local\Temp\ccaChFK0.s 			page 14


 441      65642064 
 441      7572696E 
 442 00bb 7465720D 		.ascii	"ter\015\012\000"
 442      0A00
 443 00c1 000000   		.space	3
 444              	.LC5:
 445 00c4 434F4E54 		.ascii	"CONTROL REGISTER 1 successfully written as: 0x%02X\015"
 445      524F4C20 
 445      52454749 
 445      53544552 
 445      20312073 
 446 00f7 0A00     		.ascii	"\012\000"
 447 00f9 000000   		.space	3
 448              	.LC6:
 449 00fc 4572726F 		.ascii	"Error occurred during I2C comm to set control regis"
 449      72206F63 
 449      63757272 
 449      65642064 
 449      7572696E 
 450 012f 74657220 		.ascii	"ter 1\015\012\000"
 450      310D0A00 
 451 0137 00       		.space	1
 452              	.LC7:
 453 0138 434F4E54 		.ascii	"CONTROL REGISTER 1 after overwrite operation: 0x%02"
 453      524F4C20 
 453      52454749 
 453      53544552 
 453      20312061 
 454 016b 580D0A00 		.ascii	"X\015\012\000"
 455 016f 00       		.space	1
 456              	.LC8:
 457 0170 4572726F 		.ascii	"Error occurred during I2C comm to read control regi"
 457      72206F63 
 457      63757272 
 457      65642064 
 457      7572696E 
 458 01a3 73746572 		.ascii	"ster 1\015\012\000"
 458      20310D0A 
 458      00
 459              	.LC9:
 460 01ac 434F4E54 		.ascii	"CONTROL REGISTER 4 after being updated: 0x%02X\015\012"
 460      524F4C20 
 460      52454749 
 460      53544552 
 460      20342061 
 461 01dc 00       		.ascii	"\000"
 462 01dd 000000   		.space	3
 463              	.LC10:
 464 01e0 4572726F 		.ascii	"Error occurred during I2C comm to read control regi"
 464      72206F63 
 464      63757272 
 464      65642064 
 464      7572696E 
 465 0213 73746572 		.ascii	"ster4\015\012\000"
 465      340D0A00 
 466              		.text
 467              	.Letext0:
ARM GAS  C:\Users\simon\AppData\Local\Temp\ccaChFK0.s 			page 15


 468              		.file 2 "c:\\program files (x86)\\cypress\\psoc creator\\4.3\\psoc creator\\import\\gnu\\arm\\5.4.
 469              		.file 3 "c:\\program files (x86)\\cypress\\psoc creator\\4.3\\psoc creator\\import\\gnu\\arm\\5.4.
 470              		.file 4 "Generated_Source\\PSoC5/cytypes.h"
 471              		.file 5 "ErrorCodes.h"
 472              		.file 6 "Generated_Source\\PSoC5/core_cm3.h"
 473              		.file 7 "InterruptRoutines.h"
 474              		.file 8 "I2C_Interface.h"
 475              		.file 9 "c:\\program files (x86)\\cypress\\psoc creator\\4.3\\psoc creator\\import\\gnu\\arm\\5.4.
 476              		.file 10 "Generated_Source\\PSoC5/UART_Debug.h"
 477              		.file 11 "Generated_Source\\PSoC5/CyLib.h"
 478              		.section	.debug_info,"",%progbits
 479              	.Ldebug_info0:
 480 0000 E9050000 		.4byte	0x5e9
 481 0004 0400     		.2byte	0x4
 482 0006 00000000 		.4byte	.Ldebug_abbrev0
 483 000a 04       		.byte	0x4
 484 000b 01       		.uleb128 0x1
 485 000c BC000000 		.4byte	.LASF55
 486 0010 0C       		.byte	0xc
 487 0011 A9020000 		.4byte	.LASF56
 488 0015 00030000 		.4byte	.LASF57
 489 0019 00000000 		.4byte	.Ldebug_ranges0+0
 490 001d 00000000 		.4byte	0
 491 0021 00000000 		.4byte	.Ldebug_line0
 492 0025 02       		.uleb128 0x2
 493 0026 01       		.byte	0x1
 494 0027 06       		.byte	0x6
 495 0028 99000000 		.4byte	.LASF0
 496 002c 03       		.uleb128 0x3
 497 002d 0F000000 		.4byte	.LASF2
 498 0031 02       		.byte	0x2
 499 0032 1D       		.byte	0x1d
 500 0033 37000000 		.4byte	0x37
 501 0037 02       		.uleb128 0x2
 502 0038 01       		.byte	0x1
 503 0039 08       		.byte	0x8
 504 003a AE000000 		.4byte	.LASF1
 505 003e 03       		.uleb128 0x3
 506 003f F1010000 		.4byte	.LASF3
 507 0043 02       		.byte	0x2
 508 0044 29       		.byte	0x29
 509 0045 49000000 		.4byte	0x49
 510 0049 02       		.uleb128 0x2
 511 004a 02       		.byte	0x2
 512 004b 05       		.byte	0x5
 513 004c DB020000 		.4byte	.LASF4
 514 0050 02       		.uleb128 0x2
 515 0051 02       		.byte	0x2
 516 0052 07       		.byte	0x7
 517 0053 62000000 		.4byte	.LASF5
 518 0057 03       		.uleb128 0x3
 519 0058 4F000000 		.4byte	.LASF6
 520 005c 02       		.byte	0x2
 521 005d 3F       		.byte	0x3f
 522 005e 62000000 		.4byte	0x62
 523 0062 02       		.uleb128 0x2
 524 0063 04       		.byte	0x4
ARM GAS  C:\Users\simon\AppData\Local\Temp\ccaChFK0.s 			page 16


 525 0064 05       		.byte	0x5
 526 0065 59000000 		.4byte	.LASF7
 527 0069 02       		.uleb128 0x2
 528 006a 04       		.byte	0x4
 529 006b 07       		.byte	0x7
 530 006c 5A010000 		.4byte	.LASF8
 531 0070 02       		.uleb128 0x2
 532 0071 08       		.byte	0x8
 533 0072 05       		.byte	0x5
 534 0073 8A020000 		.4byte	.LASF9
 535 0077 02       		.uleb128 0x2
 536 0078 08       		.byte	0x8
 537 0079 07       		.byte	0x7
 538 007a 1C020000 		.4byte	.LASF10
 539 007e 04       		.uleb128 0x4
 540 007f 04       		.byte	0x4
 541 0080 05       		.byte	0x5
 542 0081 696E7400 		.ascii	"int\000"
 543 0085 02       		.uleb128 0x2
 544 0086 04       		.byte	0x4
 545 0087 07       		.byte	0x7
 546 0088 0F020000 		.4byte	.LASF11
 547 008c 03       		.uleb128 0x3
 548 008d 33020000 		.4byte	.LASF12
 549 0091 03       		.byte	0x3
 550 0092 18       		.byte	0x18
 551 0093 2C000000 		.4byte	0x2c
 552 0097 03       		.uleb128 0x3
 553 0098 4A020000 		.4byte	.LASF13
 554 009c 03       		.byte	0x3
 555 009d 20       		.byte	0x20
 556 009e 3E000000 		.4byte	0x3e
 557 00a2 03       		.uleb128 0x3
 558 00a3 6F020000 		.4byte	.LASF14
 559 00a7 03       		.byte	0x3
 560 00a8 2C       		.byte	0x2c
 561 00a9 57000000 		.4byte	0x57
 562 00ad 05       		.uleb128 0x5
 563 00ae 54010000 		.4byte	.LASF15
 564 00b2 04       		.byte	0x4
 565 00b3 E801     		.2byte	0x1e8
 566 00b5 49000000 		.4byte	0x49
 567 00b9 05       		.uleb128 0x5
 568 00ba 6C010000 		.4byte	.LASF16
 569 00be 04       		.byte	0x4
 570 00bf E901     		.2byte	0x1e9
 571 00c1 62000000 		.4byte	0x62
 572 00c5 02       		.uleb128 0x2
 573 00c6 04       		.byte	0x4
 574 00c7 04       		.byte	0x4
 575 00c8 93000000 		.4byte	.LASF17
 576 00cc 02       		.uleb128 0x2
 577 00cd 08       		.byte	0x8
 578 00ce 04       		.byte	0x4
 579 00cf B0010000 		.4byte	.LASF18
 580 00d3 02       		.uleb128 0x2
 581 00d4 01       		.byte	0x1
ARM GAS  C:\Users\simon\AppData\Local\Temp\ccaChFK0.s 			page 17


 582 00d5 08       		.byte	0x8
 583 00d6 B0020000 		.4byte	.LASF19
 584 00da 06       		.uleb128 0x6
 585 00db 01       		.byte	0x1
 586 00dc 37000000 		.4byte	0x37
 587 00e0 05       		.byte	0x5
 588 00e1 15       		.byte	0x15
 589 00e2 F3000000 		.4byte	0xf3
 590 00e6 07       		.uleb128 0x7
 591 00e7 E5020000 		.4byte	.LASF20
 592 00eb 00       		.byte	0
 593 00ec 07       		.uleb128 0x7
 594 00ed EE020000 		.4byte	.LASF21
 595 00f1 01       		.byte	0x1
 596 00f2 00       		.byte	0
 597 00f3 03       		.uleb128 0x3
 598 00f4 89000000 		.4byte	.LASF22
 599 00f8 05       		.byte	0x5
 600 00f9 18       		.byte	0x18
 601 00fa DA000000 		.4byte	0xda
 602 00fe 02       		.uleb128 0x2
 603 00ff 08       		.byte	0x8
 604 0100 04       		.byte	0x4
 605 0101 F4020000 		.4byte	.LASF23
 606 0105 02       		.uleb128 0x2
 607 0106 04       		.byte	0x4
 608 0107 07       		.byte	0x7
 609 0108 77020000 		.4byte	.LASF24
 610 010c 08       		.uleb128 0x8
 611 010d E2010000 		.4byte	.LASF58
 612 0111 01       		.byte	0x1
 613 0112 3E       		.byte	0x3e
 614 0113 7E000000 		.4byte	0x7e
 615 0117 00000000 		.4byte	.LFB64
 616 011b 98020000 		.4byte	.LFE64-.LFB64
 617 011f 01       		.uleb128 0x1
 618 0120 9C       		.byte	0x9c
 619 0121 2C050000 		.4byte	0x52c
 620 0125 09       		.uleb128 0x9
 621 0126 00000000 		.4byte	.LASF25
 622 012a 01       		.byte	0x1
 623 012b 49       		.byte	0x49
 624 012c 2C050000 		.4byte	0x52c
 625 0130 02       		.uleb128 0x2
 626 0131 91       		.byte	0x91
 627 0132 44       		.sleb128 -60
 628 0133 09       		.uleb128 0x9
 629 0134 59030000 		.4byte	.LASF26
 630 0138 01       		.byte	0x1
 631 0139 5C       		.byte	0x5c
 632 013a 8C000000 		.4byte	0x8c
 633 013e 02       		.uleb128 0x2
 634 013f 91       		.byte	0x91
 635 0140 43       		.sleb128 -61
 636 0141 0A       		.uleb128 0xa
 637 0142 A2010000 		.4byte	.LASF27
 638 0146 01       		.byte	0x1
ARM GAS  C:\Users\simon\AppData\Local\Temp\ccaChFK0.s 			page 18


 639 0147 5E       		.byte	0x5e
 640 0148 F3000000 		.4byte	0xf3
 641 014c 00000000 		.4byte	.LLST0
 642 0150 09       		.uleb128 0x9
 643 0151 5F020000 		.4byte	.LASF28
 644 0155 01       		.byte	0x1
 645 0156 6F       		.byte	0x6f
 646 0157 8C000000 		.4byte	0x8c
 647 015b 02       		.uleb128 0x2
 648 015c 91       		.byte	0x91
 649 015d 42       		.sleb128 -62
 650 015e 09       		.uleb128 0x9
 651 015f FB010000 		.4byte	.LASF29
 652 0163 01       		.byte	0x1
 653 0164 83       		.byte	0x83
 654 0165 8C000000 		.4byte	0x8c
 655 0169 02       		.uleb128 0x2
 656 016a 91       		.byte	0x91
 657 016b 41       		.sleb128 -63
 658 016c 09       		.uleb128 0x9
 659 016d 05020000 		.4byte	.LASF30
 660 0171 01       		.byte	0x1
 661 0172 AF       		.byte	0xaf
 662 0173 8C000000 		.4byte	0x8c
 663 0177 02       		.uleb128 0x2
 664 0178 91       		.byte	0x91
 665 0179 40       		.sleb128 -64
 666 017a 09       		.uleb128 0x9
 667 017b 80020000 		.4byte	.LASF31
 668 017f 01       		.byte	0x1
 669 0180 CC       		.byte	0xcc
 670 0181 8C000000 		.4byte	0x8c
 671 0185 03       		.uleb128 0x3
 672 0186 91       		.byte	0x91
 673 0187 BF7F     		.sleb128 -65
 674 0189 0A       		.uleb128 0xa
 675 018a 3B020000 		.4byte	.LASF32
 676 018e 01       		.byte	0x1
 677 018f CD       		.byte	0xcd
 678 0190 97000000 		.4byte	0x97
 679 0194 81000000 		.4byte	.LLST1
 680 0198 0B       		.uleb128 0xb
 681 0199 08000000 		.4byte	.LASF33
 682 019d 01       		.byte	0x1
 683 019e CE       		.byte	0xce
 684 019f 8C000000 		.4byte	0x8c
 685 01a3 A07F     		.sleb128 -96
 686 01a5 0B       		.uleb128 0xb
 687 01a6 43020000 		.4byte	.LASF34
 688 01aa 01       		.byte	0x1
 689 01ab CF       		.byte	0xcf
 690 01ac 8C000000 		.4byte	0x8c
 691 01b0 40       		.sleb128 -64
 692 01b1 09       		.uleb128 0x9
 693 01b2 A5000000 		.4byte	.LASF35
 694 01b6 01       		.byte	0x1
 695 01b7 D0       		.byte	0xd0
ARM GAS  C:\Users\simon\AppData\Local\Temp\ccaChFK0.s 			page 19


 696 01b8 3C050000 		.4byte	0x53c
 697 01bc 03       		.uleb128 0x3
 698 01bd 91       		.byte	0x91
 699 01be B07F     		.sleb128 -80
 700 01c0 09       		.uleb128 0x9
 701 01c1 A8010000 		.4byte	.LASF36
 702 01c5 01       		.byte	0x1
 703 01c6 D1       		.byte	0xd1
 704 01c7 4C050000 		.4byte	0x54c
 705 01cb 03       		.uleb128 0x3
 706 01cc 91       		.byte	0x91
 707 01cd A87F     		.sleb128 -88
 708 01cf 0A       		.uleb128 0xa
 709 01d0 8B030000 		.4byte	.LASF37
 710 01d4 01       		.byte	0x1
 711 01d5 D3       		.byte	0xd3
 712 01d6 C5000000 		.4byte	0xc5
 713 01da 14010000 		.4byte	.LLST2
 714 01de 0A       		.uleb128 0xa
 715 01df 72010000 		.4byte	.LASF38
 716 01e3 01       		.byte	0x1
 717 01e4 D4       		.byte	0xd4
 718 01e5 C5000000 		.4byte	0xc5
 719 01e9 27010000 		.4byte	.LLST3
 720 01ed 0A       		.uleb128 0xa
 721 01ee B5020000 		.4byte	.LASF39
 722 01f2 01       		.byte	0x1
 723 01f3 D5       		.byte	0xd5
 724 01f4 C5000000 		.4byte	0xc5
 725 01f8 3A010000 		.4byte	.LLST4
 726 01fc 0A       		.uleb128 0xa
 727 01fd 4A010000 		.4byte	.LASF40
 728 0201 01       		.byte	0x1
 729 0202 D7       		.byte	0xd7
 730 0203 B9000000 		.4byte	0xb9
 731 0207 4D010000 		.4byte	.LLST5
 732 020b 0A       		.uleb128 0xa
 733 020c E7010000 		.4byte	.LASF41
 734 0210 01       		.byte	0x1
 735 0211 D8       		.byte	0xd8
 736 0212 B9000000 		.4byte	0xb9
 737 0216 60010000 		.4byte	.LLST6
 738 021a 0A       		.uleb128 0xa
 739 021b D8010000 		.4byte	.LASF42
 740 021f 01       		.byte	0x1
 741 0220 D9       		.byte	0xd9
 742 0221 B9000000 		.4byte	0xb9
 743 0225 73010000 		.4byte	.LLST7
 744 0229 0C       		.uleb128 0xc
 745 022a 14000000 		.4byte	.LBB2
 746 022e 22000000 		.4byte	.LBE2-.LBB2
 747 0232 8B020000 		.4byte	0x28b
 748 0236 0D       		.uleb128 0xd
 749 0237 6900     		.ascii	"i\000"
 750 0239 01       		.byte	0x1
 751 023a 4C       		.byte	0x4c
 752 023b 7E000000 		.4byte	0x7e
ARM GAS  C:\Users\simon\AppData\Local\Temp\ccaChFK0.s 			page 20


 753 023f 86010000 		.4byte	.LLST8
 754 0243 0E       		.uleb128 0xe
 755 0244 1E000000 		.4byte	.LVL4
 756 0248 7E050000 		.4byte	0x57e
 757 024c 57020000 		.4byte	0x257
 758 0250 0F       		.uleb128 0xf
 759 0251 01       		.uleb128 0x1
 760 0252 50       		.byte	0x50
 761 0253 02       		.uleb128 0x2
 762 0254 74       		.byte	0x74
 763 0255 00       		.sleb128 0
 764 0256 00       		.byte	0
 765 0257 0E       		.uleb128 0xe
 766 0258 2A000000 		.4byte	.LVL5
 767 025c 89050000 		.4byte	0x589
 768 0260 7A020000 		.4byte	0x27a
 769 0264 0F       		.uleb128 0xf
 770 0265 01       		.uleb128 0x1
 771 0266 50       		.byte	0x50
 772 0267 02       		.uleb128 0x2
 773 0268 91       		.byte	0x91
 774 0269 44       		.sleb128 -60
 775 026a 0F       		.uleb128 0xf
 776 026b 01       		.uleb128 0x1
 777 026c 51       		.byte	0x51
 778 026d 05       		.uleb128 0x5
 779 026e 03       		.byte	0x3
 780 026f 00000000 		.4byte	.LC0
 781 0273 0F       		.uleb128 0xf
 782 0274 01       		.uleb128 0x1
 783 0275 52       		.byte	0x52
 784 0276 02       		.uleb128 0x2
 785 0277 74       		.byte	0x74
 786 0278 00       		.sleb128 0
 787 0279 00       		.byte	0
 788 027a 10       		.uleb128 0x10
 789 027b 30000000 		.4byte	.LVL6
 790 027f 94050000 		.4byte	0x594
 791 0283 0F       		.uleb128 0xf
 792 0284 01       		.uleb128 0x1
 793 0285 50       		.byte	0x50
 794 0286 02       		.uleb128 0x2
 795 0287 91       		.byte	0x91
 796 0288 44       		.sleb128 -60
 797 0289 00       		.byte	0
 798 028a 00       		.byte	0
 799 028b 11       		.uleb128 0x11
 800 028c 0A000000 		.4byte	.LVL0
 801 0290 9F050000 		.4byte	0x59f
 802 0294 11       		.uleb128 0x11
 803 0295 0E000000 		.4byte	.LVL1
 804 0299 AA050000 		.4byte	0x5aa
 805 029d 0E       		.uleb128 0xe
 806 029e 14000000 		.4byte	.LVL2
 807 02a2 B5050000 		.4byte	0x5b5
 808 02a6 B0020000 		.4byte	0x2b0
 809 02aa 0F       		.uleb128 0xf
ARM GAS  C:\Users\simon\AppData\Local\Temp\ccaChFK0.s 			page 21


 810 02ab 01       		.uleb128 0x1
 811 02ac 50       		.byte	0x50
 812 02ad 01       		.uleb128 0x1
 813 02ae 35       		.byte	0x35
 814 02af 00       		.byte	0
 815 02b0 0E       		.uleb128 0xe
 816 02b1 42000000 		.4byte	.LVL8
 817 02b5 C0050000 		.4byte	0x5c0
 818 02b9 CE020000 		.4byte	0x2ce
 819 02bd 0F       		.uleb128 0xf
 820 02be 01       		.uleb128 0x1
 821 02bf 50       		.byte	0x50
 822 02c0 01       		.uleb128 0x1
 823 02c1 48       		.byte	0x48
 824 02c2 0F       		.uleb128 0xf
 825 02c3 01       		.uleb128 0x1
 826 02c4 51       		.byte	0x51
 827 02c5 01       		.uleb128 0x1
 828 02c6 3F       		.byte	0x3f
 829 02c7 0F       		.uleb128 0xf
 830 02c8 01       		.uleb128 0x1
 831 02c9 52       		.byte	0x52
 832 02ca 02       		.uleb128 0x2
 833 02cb 91       		.byte	0x91
 834 02cc 43       		.sleb128 -61
 835 02cd 00       		.byte	0
 836 02ce 0E       		.uleb128 0xe
 837 02cf 50000000 		.4byte	.LVL10
 838 02d3 89050000 		.4byte	0x589
 839 02d7 EB020000 		.4byte	0x2eb
 840 02db 0F       		.uleb128 0xf
 841 02dc 01       		.uleb128 0x1
 842 02dd 50       		.byte	0x50
 843 02de 02       		.uleb128 0x2
 844 02df 91       		.byte	0x91
 845 02e0 44       		.sleb128 -60
 846 02e1 0F       		.uleb128 0xf
 847 02e2 01       		.uleb128 0x1
 848 02e3 51       		.byte	0x51
 849 02e4 05       		.uleb128 0x5
 850 02e5 03       		.byte	0x3
 851 02e6 20000000 		.4byte	.LC1
 852 02ea 00       		.byte	0
 853 02eb 0E       		.uleb128 0xe
 854 02ec 56000000 		.4byte	.LVL11
 855 02f0 94050000 		.4byte	0x594
 856 02f4 FF020000 		.4byte	0x2ff
 857 02f8 0F       		.uleb128 0xf
 858 02f9 01       		.uleb128 0x1
 859 02fa 50       		.byte	0x50
 860 02fb 02       		.uleb128 0x2
 861 02fc 91       		.byte	0x91
 862 02fd 44       		.sleb128 -60
 863 02fe 00       		.byte	0
 864 02ff 0E       		.uleb128 0xe
 865 0300 5E000000 		.4byte	.LVL14
 866 0304 94050000 		.4byte	0x594
ARM GAS  C:\Users\simon\AppData\Local\Temp\ccaChFK0.s 			page 22


 867 0308 16030000 		.4byte	0x316
 868 030c 0F       		.uleb128 0xf
 869 030d 01       		.uleb128 0x1
 870 030e 50       		.byte	0x50
 871 030f 05       		.uleb128 0x5
 872 0310 03       		.byte	0x3
 873 0311 48000000 		.4byte	.LC2
 874 0315 00       		.byte	0
 875 0316 0E       		.uleb128 0xe
 876 0317 6A000000 		.4byte	.LVL15
 877 031b C0050000 		.4byte	0x5c0
 878 031f 35030000 		.4byte	0x335
 879 0323 0F       		.uleb128 0xf
 880 0324 01       		.uleb128 0x1
 881 0325 50       		.byte	0x50
 882 0326 01       		.uleb128 0x1
 883 0327 48       		.byte	0x48
 884 0328 0F       		.uleb128 0xf
 885 0329 01       		.uleb128 0x1
 886 032a 51       		.byte	0x51
 887 032b 02       		.uleb128 0x2
 888 032c 08       		.byte	0x8
 889 032d 27       		.byte	0x27
 890 032e 0F       		.uleb128 0xf
 891 032f 01       		.uleb128 0x1
 892 0330 52       		.byte	0x52
 893 0331 02       		.uleb128 0x2
 894 0332 91       		.byte	0x91
 895 0333 42       		.sleb128 -62
 896 0334 00       		.byte	0
 897 0335 0E       		.uleb128 0xe
 898 0336 78000000 		.4byte	.LVL17
 899 033a 89050000 		.4byte	0x589
 900 033e 52030000 		.4byte	0x352
 901 0342 0F       		.uleb128 0xf
 902 0343 01       		.uleb128 0x1
 903 0344 50       		.byte	0x50
 904 0345 02       		.uleb128 0x2
 905 0346 91       		.byte	0x91
 906 0347 44       		.sleb128 -60
 907 0348 0F       		.uleb128 0xf
 908 0349 01       		.uleb128 0x1
 909 034a 51       		.byte	0x51
 910 034b 05       		.uleb128 0x5
 911 034c 03       		.byte	0x3
 912 034d 6C000000 		.4byte	.LC3
 913 0351 00       		.byte	0
 914 0352 0E       		.uleb128 0xe
 915 0353 7E000000 		.4byte	.LVL18
 916 0357 94050000 		.4byte	0x594
 917 035b 66030000 		.4byte	0x366
 918 035f 0F       		.uleb128 0xf
 919 0360 01       		.uleb128 0x1
 920 0361 50       		.byte	0x50
 921 0362 02       		.uleb128 0x2
 922 0363 91       		.byte	0x91
 923 0364 44       		.sleb128 -60
ARM GAS  C:\Users\simon\AppData\Local\Temp\ccaChFK0.s 			page 23


 924 0365 00       		.byte	0
 925 0366 0E       		.uleb128 0xe
 926 0367 86000000 		.4byte	.LVL21
 927 036b 94050000 		.4byte	0x594
 928 036f 7D030000 		.4byte	0x37d
 929 0373 0F       		.uleb128 0xf
 930 0374 01       		.uleb128 0x1
 931 0375 50       		.byte	0x50
 932 0376 05       		.uleb128 0x5
 933 0377 03       		.byte	0x3
 934 0378 88000000 		.4byte	.LC4
 935 037c 00       		.byte	0
 936 037d 0E       		.uleb128 0xe
 937 037e 9C000000 		.4byte	.LVL22
 938 0382 CB050000 		.4byte	0x5cb
 939 0386 9C030000 		.4byte	0x39c
 940 038a 0F       		.uleb128 0xf
 941 038b 01       		.uleb128 0x1
 942 038c 50       		.byte	0x50
 943 038d 01       		.uleb128 0x1
 944 038e 48       		.byte	0x48
 945 038f 0F       		.uleb128 0xf
 946 0390 01       		.uleb128 0x1
 947 0391 51       		.byte	0x51
 948 0392 02       		.uleb128 0x2
 949 0393 08       		.byte	0x8
 950 0394 20       		.byte	0x20
 951 0395 0F       		.uleb128 0xf
 952 0396 01       		.uleb128 0x1
 953 0397 52       		.byte	0x52
 954 0398 02       		.uleb128 0x2
 955 0399 08       		.byte	0x8
 956 039a 57       		.byte	0x57
 957 039b 00       		.byte	0
 958 039c 0E       		.uleb128 0xe
 959 039d AA000000 		.4byte	.LVL24
 960 03a1 89050000 		.4byte	0x589
 961 03a5 B9030000 		.4byte	0x3b9
 962 03a9 0F       		.uleb128 0xf
 963 03aa 01       		.uleb128 0x1
 964 03ab 50       		.byte	0x50
 965 03ac 02       		.uleb128 0x2
 966 03ad 91       		.byte	0x91
 967 03ae 44       		.sleb128 -60
 968 03af 0F       		.uleb128 0xf
 969 03b0 01       		.uleb128 0x1
 970 03b1 51       		.byte	0x51
 971 03b2 05       		.uleb128 0x5
 972 03b3 03       		.byte	0x3
 973 03b4 C4000000 		.4byte	.LC5
 974 03b8 00       		.byte	0
 975 03b9 0E       		.uleb128 0xe
 976 03ba B0000000 		.4byte	.LVL25
 977 03be 94050000 		.4byte	0x594
 978 03c2 CD030000 		.4byte	0x3cd
 979 03c6 0F       		.uleb128 0xf
 980 03c7 01       		.uleb128 0x1
ARM GAS  C:\Users\simon\AppData\Local\Temp\ccaChFK0.s 			page 24


 981 03c8 50       		.byte	0x50
 982 03c9 02       		.uleb128 0x2
 983 03ca 91       		.byte	0x91
 984 03cb 44       		.sleb128 -60
 985 03cc 00       		.byte	0
 986 03cd 0E       		.uleb128 0xe
 987 03ce B8000000 		.4byte	.LVL28
 988 03d2 94050000 		.4byte	0x594
 989 03d6 E4030000 		.4byte	0x3e4
 990 03da 0F       		.uleb128 0xf
 991 03db 01       		.uleb128 0x1
 992 03dc 50       		.byte	0x50
 993 03dd 05       		.uleb128 0x5
 994 03de 03       		.byte	0x3
 995 03df FC000000 		.4byte	.LC6
 996 03e3 00       		.byte	0
 997 03e4 0E       		.uleb128 0xe
 998 03e5 C4000000 		.4byte	.LVL29
 999 03e9 C0050000 		.4byte	0x5c0
 1000 03ed 03040000 		.4byte	0x403
 1001 03f1 0F       		.uleb128 0xf
 1002 03f2 01       		.uleb128 0x1
 1003 03f3 50       		.byte	0x50
 1004 03f4 01       		.uleb128 0x1
 1005 03f5 48       		.byte	0x48
 1006 03f6 0F       		.uleb128 0xf
 1007 03f7 01       		.uleb128 0x1
 1008 03f8 51       		.byte	0x51
 1009 03f9 02       		.uleb128 0x2
 1010 03fa 08       		.byte	0x8
 1011 03fb 20       		.byte	0x20
 1012 03fc 0F       		.uleb128 0xf
 1013 03fd 01       		.uleb128 0x1
 1014 03fe 52       		.byte	0x52
 1015 03ff 02       		.uleb128 0x2
 1016 0400 91       		.byte	0x91
 1017 0401 41       		.sleb128 -63
 1018 0402 00       		.byte	0
 1019 0403 0E       		.uleb128 0xe
 1020 0404 D2000000 		.4byte	.LVL31
 1021 0408 89050000 		.4byte	0x589
 1022 040c 20040000 		.4byte	0x420
 1023 0410 0F       		.uleb128 0xf
 1024 0411 01       		.uleb128 0x1
 1025 0412 50       		.byte	0x50
 1026 0413 02       		.uleb128 0x2
 1027 0414 91       		.byte	0x91
 1028 0415 44       		.sleb128 -60
 1029 0416 0F       		.uleb128 0xf
 1030 0417 01       		.uleb128 0x1
 1031 0418 51       		.byte	0x51
 1032 0419 05       		.uleb128 0x5
 1033 041a 03       		.byte	0x3
 1034 041b 38010000 		.4byte	.LC7
 1035 041f 00       		.byte	0
 1036 0420 0E       		.uleb128 0xe
 1037 0421 D8000000 		.4byte	.LVL32
ARM GAS  C:\Users\simon\AppData\Local\Temp\ccaChFK0.s 			page 25


 1038 0425 94050000 		.4byte	0x594
 1039 0429 34040000 		.4byte	0x434
 1040 042d 0F       		.uleb128 0xf
 1041 042e 01       		.uleb128 0x1
 1042 042f 50       		.byte	0x50
 1043 0430 02       		.uleb128 0x2
 1044 0431 91       		.byte	0x91
 1045 0432 44       		.sleb128 -60
 1046 0433 00       		.byte	0
 1047 0434 0E       		.uleb128 0xe
 1048 0435 E0000000 		.4byte	.LVL35
 1049 0439 94050000 		.4byte	0x594
 1050 043d 4B040000 		.4byte	0x44b
 1051 0441 0F       		.uleb128 0xf
 1052 0442 01       		.uleb128 0x1
 1053 0443 50       		.byte	0x50
 1054 0444 05       		.uleb128 0x5
 1055 0445 03       		.byte	0x3
 1056 0446 70010000 		.4byte	.LC8
 1057 044a 00       		.byte	0
 1058 044b 0E       		.uleb128 0xe
 1059 044c F0000000 		.4byte	.LVL37
 1060 0450 CB050000 		.4byte	0x5cb
 1061 0454 6A040000 		.4byte	0x46a
 1062 0458 0F       		.uleb128 0xf
 1063 0459 01       		.uleb128 0x1
 1064 045a 50       		.byte	0x50
 1065 045b 01       		.uleb128 0x1
 1066 045c 48       		.byte	0x48
 1067 045d 0F       		.uleb128 0xf
 1068 045e 01       		.uleb128 0x1
 1069 045f 51       		.byte	0x51
 1070 0460 02       		.uleb128 0x2
 1071 0461 08       		.byte	0x8
 1072 0462 23       		.byte	0x23
 1073 0463 0F       		.uleb128 0xf
 1074 0464 01       		.uleb128 0x1
 1075 0465 52       		.byte	0x52
 1076 0466 02       		.uleb128 0x2
 1077 0467 09       		.byte	0x9
 1078 0468 98       		.byte	0x98
 1079 0469 00       		.byte	0
 1080 046a 0E       		.uleb128 0xe
 1081 046b FA000000 		.4byte	.LVL38
 1082 046f C0050000 		.4byte	0x5c0
 1083 0473 89040000 		.4byte	0x489
 1084 0477 0F       		.uleb128 0xf
 1085 0478 01       		.uleb128 0x1
 1086 0479 50       		.byte	0x50
 1087 047a 01       		.uleb128 0x1
 1088 047b 48       		.byte	0x48
 1089 047c 0F       		.uleb128 0xf
 1090 047d 01       		.uleb128 0x1
 1091 047e 51       		.byte	0x51
 1092 047f 02       		.uleb128 0x2
 1093 0480 08       		.byte	0x8
 1094 0481 23       		.byte	0x23
ARM GAS  C:\Users\simon\AppData\Local\Temp\ccaChFK0.s 			page 26


 1095 0482 0F       		.uleb128 0xf
 1096 0483 01       		.uleb128 0x1
 1097 0484 52       		.byte	0x52
 1098 0485 02       		.uleb128 0x2
 1099 0486 74       		.byte	0x74
 1100 0487 00       		.sleb128 0
 1101 0488 00       		.byte	0
 1102 0489 0E       		.uleb128 0xe
 1103 048a 08010000 		.4byte	.LVL40
 1104 048e 89050000 		.4byte	0x589
 1105 0492 A6040000 		.4byte	0x4a6
 1106 0496 0F       		.uleb128 0xf
 1107 0497 01       		.uleb128 0x1
 1108 0498 50       		.byte	0x50
 1109 0499 02       		.uleb128 0x2
 1110 049a 91       		.byte	0x91
 1111 049b 44       		.sleb128 -60
 1112 049c 0F       		.uleb128 0xf
 1113 049d 01       		.uleb128 0x1
 1114 049e 51       		.byte	0x51
 1115 049f 05       		.uleb128 0x5
 1116 04a0 03       		.byte	0x3
 1117 04a1 AC010000 		.4byte	.LC9
 1118 04a5 00       		.byte	0
 1119 04a6 0E       		.uleb128 0xe
 1120 04a7 0E010000 		.4byte	.LVL41
 1121 04ab 94050000 		.4byte	0x594
 1122 04af BA040000 		.4byte	0x4ba
 1123 04b3 0F       		.uleb128 0xf
 1124 04b4 01       		.uleb128 0x1
 1125 04b5 50       		.byte	0x50
 1126 04b6 02       		.uleb128 0x2
 1127 04b7 91       		.byte	0x91
 1128 04b8 44       		.sleb128 -60
 1129 04b9 00       		.byte	0
 1130 04ba 0E       		.uleb128 0xe
 1131 04bb 16010000 		.4byte	.LVL44
 1132 04bf 94050000 		.4byte	0x594
 1133 04c3 D1040000 		.4byte	0x4d1
 1134 04c7 0F       		.uleb128 0xf
 1135 04c8 01       		.uleb128 0x1
 1136 04c9 50       		.byte	0x50
 1137 04ca 05       		.uleb128 0x5
 1138 04cb 03       		.byte	0x3
 1139 04cc E0010000 		.4byte	.LC10
 1140 04d0 00       		.byte	0
 1141 04d1 0E       		.uleb128 0xe
 1142 04d2 2E010000 		.4byte	.LVL45
 1143 04d6 C0050000 		.4byte	0x5c0
 1144 04da F1040000 		.4byte	0x4f1
 1145 04de 0F       		.uleb128 0xf
 1146 04df 01       		.uleb128 0x1
 1147 04e0 50       		.byte	0x50
 1148 04e1 01       		.uleb128 0x1
 1149 04e2 48       		.byte	0x48
 1150 04e3 0F       		.uleb128 0xf
 1151 04e4 01       		.uleb128 0x1
ARM GAS  C:\Users\simon\AppData\Local\Temp\ccaChFK0.s 			page 27


 1152 04e5 51       		.byte	0x51
 1153 04e6 02       		.uleb128 0x2
 1154 04e7 08       		.byte	0x8
 1155 04e8 27       		.byte	0x27
 1156 04e9 0F       		.uleb128 0xf
 1157 04ea 01       		.uleb128 0x1
 1158 04eb 52       		.byte	0x52
 1159 04ec 03       		.uleb128 0x3
 1160 04ed 91       		.byte	0x91
 1161 04ee BF7F     		.sleb128 -65
 1162 04f0 00       		.byte	0
 1163 04f1 0E       		.uleb128 0xe
 1164 04f2 44010000 		.4byte	.LVL46
 1165 04f6 D6050000 		.4byte	0x5d6
 1166 04fa 15050000 		.4byte	0x515
 1167 04fe 0F       		.uleb128 0xf
 1168 04ff 01       		.uleb128 0x1
 1169 0500 50       		.byte	0x50
 1170 0501 01       		.uleb128 0x1
 1171 0502 48       		.byte	0x48
 1172 0503 0F       		.uleb128 0xf
 1173 0504 01       		.uleb128 0x1
 1174 0505 51       		.byte	0x51
 1175 0506 02       		.uleb128 0x2
 1176 0507 08       		.byte	0x8
 1177 0508 28       		.byte	0x28
 1178 0509 0F       		.uleb128 0xf
 1179 050a 01       		.uleb128 0x1
 1180 050b 52       		.byte	0x52
 1181 050c 01       		.uleb128 0x1
 1182 050d 36       		.byte	0x36
 1183 050e 0F       		.uleb128 0xf
 1184 050f 01       		.uleb128 0x1
 1185 0510 53       		.byte	0x53
 1186 0511 02       		.uleb128 0x2
 1187 0512 7D       		.byte	0x7d
 1188 0513 00       		.sleb128 0
 1189 0514 00       		.byte	0
 1190 0515 10       		.uleb128 0x10
 1191 0516 52020000 		.4byte	.LVL77
 1192 051a E1050000 		.4byte	0x5e1
 1193 051e 0F       		.uleb128 0xf
 1194 051f 01       		.uleb128 0x1
 1195 0520 50       		.byte	0x50
 1196 0521 03       		.uleb128 0x3
 1197 0522 91       		.byte	0x91
 1198 0523 B07F     		.sleb128 -80
 1199 0525 0F       		.uleb128 0xf
 1200 0526 01       		.uleb128 0x1
 1201 0527 51       		.byte	0x51
 1202 0528 01       		.uleb128 0x1
 1203 0529 3E       		.byte	0x3e
 1204 052a 00       		.byte	0
 1205 052b 00       		.byte	0
 1206 052c 12       		.uleb128 0x12
 1207 052d D3000000 		.4byte	0xd3
 1208 0531 3C050000 		.4byte	0x53c
ARM GAS  C:\Users\simon\AppData\Local\Temp\ccaChFK0.s 			page 28


 1209 0535 13       		.uleb128 0x13
 1210 0536 05010000 		.4byte	0x105
 1211 053a 31       		.byte	0x31
 1212 053b 00       		.byte	0
 1213 053c 12       		.uleb128 0x12
 1214 053d 8C000000 		.4byte	0x8c
 1215 0541 4C050000 		.4byte	0x54c
 1216 0545 13       		.uleb128 0x13
 1217 0546 05010000 		.4byte	0x105
 1218 054a 0D       		.byte	0xd
 1219 054b 00       		.byte	0
 1220 054c 12       		.uleb128 0x12
 1221 054d 8C000000 		.4byte	0x8c
 1222 0551 5C050000 		.4byte	0x55c
 1223 0555 13       		.uleb128 0x13
 1224 0556 05010000 		.4byte	0x105
 1225 055a 05       		.byte	0x5
 1226 055b 00       		.byte	0
 1227 055c 14       		.uleb128 0x14
 1228 055d 52020000 		.4byte	.LASF43
 1229 0561 06       		.byte	0x6
 1230 0562 1207     		.2byte	0x712
 1231 0564 68050000 		.4byte	0x568
 1232 0568 15       		.uleb128 0x15
 1233 0569 A2000000 		.4byte	0xa2
 1234 056d 16       		.uleb128 0x16
 1235 056e 7C010000 		.4byte	.LASF44
 1236 0572 07       		.byte	0x7
 1237 0573 07       		.byte	0x7
 1238 0574 7E000000 		.4byte	0x7e
 1239 0578 05       		.uleb128 0x5
 1240 0579 03       		.byte	0x3
 1241 057a 00000000 		.4byte	FlagREAD
 1242 057e 17       		.uleb128 0x17
 1243 057f 2E000000 		.4byte	.LASF45
 1244 0583 2E000000 		.4byte	.LASF45
 1245 0587 08       		.byte	0x8
 1246 0588 5D       		.byte	0x5d
 1247 0589 17       		.uleb128 0x17
 1248 058a 66030000 		.4byte	.LASF46
 1249 058e 66030000 		.4byte	.LASF46
 1250 0592 09       		.byte	0x9
 1251 0593 E7       		.byte	0xe7
 1252 0594 17       		.uleb128 0x17
 1253 0595 19000000 		.4byte	.LASF47
 1254 0599 19000000 		.4byte	.LASF47
 1255 059d 0A       		.byte	0xa
 1256 059e 8B       		.byte	0x8b
 1257 059f 17       		.uleb128 0x17
 1258 05a0 76030000 		.4byte	.LASF48
 1259 05a4 76030000 		.4byte	.LASF48
 1260 05a8 08       		.byte	0x8
 1261 05a9 17       		.byte	0x17
 1262 05aa 17       		.uleb128 0x17
 1263 05ab 98020000 		.4byte	.LASF49
 1264 05af 98020000 		.4byte	.LASF49
 1265 05b3 0A       		.byte	0xa
ARM GAS  C:\Users\simon\AppData\Local\Temp\ccaChFK0.s 			page 29


 1266 05b4 54       		.byte	0x54
 1267 05b5 17       		.uleb128 0x17
 1268 05b6 6E030000 		.4byte	.LASF50
 1269 05ba 6E030000 		.4byte	.LASF50
 1270 05be 0B       		.byte	0xb
 1271 05bf 76       		.byte	0x76
 1272 05c0 17       		.uleb128 0x17
 1273 05c1 BF020000 		.4byte	.LASF51
 1274 05c5 BF020000 		.4byte	.LASF51
 1275 05c9 08       		.byte	0x8
 1276 05ca 28       		.byte	0x28
 1277 05cb 17       		.uleb128 0x17
 1278 05cc 85010000 		.4byte	.LASF52
 1279 05d0 85010000 		.4byte	.LASF52
 1280 05d4 08       		.byte	0x8
 1281 05d5 43       		.byte	0x43
 1282 05d6 17       		.uleb128 0x17
 1283 05d7 B7010000 		.4byte	.LASF53
 1284 05db B7010000 		.4byte	.LASF53
 1285 05df 08       		.byte	0x8
 1286 05e0 36       		.byte	0x36
 1287 05e1 17       		.uleb128 0x17
 1288 05e2 75000000 		.4byte	.LASF54
 1289 05e6 75000000 		.4byte	.LASF54
 1290 05ea 0A       		.byte	0xa
 1291 05eb 8C       		.byte	0x8c
 1292 05ec 00       		.byte	0
 1293              		.section	.debug_abbrev,"",%progbits
 1294              	.Ldebug_abbrev0:
 1295 0000 01       		.uleb128 0x1
 1296 0001 11       		.uleb128 0x11
 1297 0002 01       		.byte	0x1
 1298 0003 25       		.uleb128 0x25
 1299 0004 0E       		.uleb128 0xe
 1300 0005 13       		.uleb128 0x13
 1301 0006 0B       		.uleb128 0xb
 1302 0007 03       		.uleb128 0x3
 1303 0008 0E       		.uleb128 0xe
 1304 0009 1B       		.uleb128 0x1b
 1305 000a 0E       		.uleb128 0xe
 1306 000b 55       		.uleb128 0x55
 1307 000c 17       		.uleb128 0x17
 1308 000d 11       		.uleb128 0x11
 1309 000e 01       		.uleb128 0x1
 1310 000f 10       		.uleb128 0x10
 1311 0010 17       		.uleb128 0x17
 1312 0011 00       		.byte	0
 1313 0012 00       		.byte	0
 1314 0013 02       		.uleb128 0x2
 1315 0014 24       		.uleb128 0x24
 1316 0015 00       		.byte	0
 1317 0016 0B       		.uleb128 0xb
 1318 0017 0B       		.uleb128 0xb
 1319 0018 3E       		.uleb128 0x3e
 1320 0019 0B       		.uleb128 0xb
 1321 001a 03       		.uleb128 0x3
 1322 001b 0E       		.uleb128 0xe
ARM GAS  C:\Users\simon\AppData\Local\Temp\ccaChFK0.s 			page 30


 1323 001c 00       		.byte	0
 1324 001d 00       		.byte	0
 1325 001e 03       		.uleb128 0x3
 1326 001f 16       		.uleb128 0x16
 1327 0020 00       		.byte	0
 1328 0021 03       		.uleb128 0x3
 1329 0022 0E       		.uleb128 0xe
 1330 0023 3A       		.uleb128 0x3a
 1331 0024 0B       		.uleb128 0xb
 1332 0025 3B       		.uleb128 0x3b
 1333 0026 0B       		.uleb128 0xb
 1334 0027 49       		.uleb128 0x49
 1335 0028 13       		.uleb128 0x13
 1336 0029 00       		.byte	0
 1337 002a 00       		.byte	0
 1338 002b 04       		.uleb128 0x4
 1339 002c 24       		.uleb128 0x24
 1340 002d 00       		.byte	0
 1341 002e 0B       		.uleb128 0xb
 1342 002f 0B       		.uleb128 0xb
 1343 0030 3E       		.uleb128 0x3e
 1344 0031 0B       		.uleb128 0xb
 1345 0032 03       		.uleb128 0x3
 1346 0033 08       		.uleb128 0x8
 1347 0034 00       		.byte	0
 1348 0035 00       		.byte	0
 1349 0036 05       		.uleb128 0x5
 1350 0037 16       		.uleb128 0x16
 1351 0038 00       		.byte	0
 1352 0039 03       		.uleb128 0x3
 1353 003a 0E       		.uleb128 0xe
 1354 003b 3A       		.uleb128 0x3a
 1355 003c 0B       		.uleb128 0xb
 1356 003d 3B       		.uleb128 0x3b
 1357 003e 05       		.uleb128 0x5
 1358 003f 49       		.uleb128 0x49
 1359 0040 13       		.uleb128 0x13
 1360 0041 00       		.byte	0
 1361 0042 00       		.byte	0
 1362 0043 06       		.uleb128 0x6
 1363 0044 04       		.uleb128 0x4
 1364 0045 01       		.byte	0x1
 1365 0046 0B       		.uleb128 0xb
 1366 0047 0B       		.uleb128 0xb
 1367 0048 49       		.uleb128 0x49
 1368 0049 13       		.uleb128 0x13
 1369 004a 3A       		.uleb128 0x3a
 1370 004b 0B       		.uleb128 0xb
 1371 004c 3B       		.uleb128 0x3b
 1372 004d 0B       		.uleb128 0xb
 1373 004e 01       		.uleb128 0x1
 1374 004f 13       		.uleb128 0x13
 1375 0050 00       		.byte	0
 1376 0051 00       		.byte	0
 1377 0052 07       		.uleb128 0x7
 1378 0053 28       		.uleb128 0x28
 1379 0054 00       		.byte	0
ARM GAS  C:\Users\simon\AppData\Local\Temp\ccaChFK0.s 			page 31


 1380 0055 03       		.uleb128 0x3
 1381 0056 0E       		.uleb128 0xe
 1382 0057 1C       		.uleb128 0x1c
 1383 0058 0B       		.uleb128 0xb
 1384 0059 00       		.byte	0
 1385 005a 00       		.byte	0
 1386 005b 08       		.uleb128 0x8
 1387 005c 2E       		.uleb128 0x2e
 1388 005d 01       		.byte	0x1
 1389 005e 3F       		.uleb128 0x3f
 1390 005f 19       		.uleb128 0x19
 1391 0060 03       		.uleb128 0x3
 1392 0061 0E       		.uleb128 0xe
 1393 0062 3A       		.uleb128 0x3a
 1394 0063 0B       		.uleb128 0xb
 1395 0064 3B       		.uleb128 0x3b
 1396 0065 0B       		.uleb128 0xb
 1397 0066 27       		.uleb128 0x27
 1398 0067 19       		.uleb128 0x19
 1399 0068 49       		.uleb128 0x49
 1400 0069 13       		.uleb128 0x13
 1401 006a 8701     		.uleb128 0x87
 1402 006c 19       		.uleb128 0x19
 1403 006d 11       		.uleb128 0x11
 1404 006e 01       		.uleb128 0x1
 1405 006f 12       		.uleb128 0x12
 1406 0070 06       		.uleb128 0x6
 1407 0071 40       		.uleb128 0x40
 1408 0072 18       		.uleb128 0x18
 1409 0073 9642     		.uleb128 0x2116
 1410 0075 19       		.uleb128 0x19
 1411 0076 01       		.uleb128 0x1
 1412 0077 13       		.uleb128 0x13
 1413 0078 00       		.byte	0
 1414 0079 00       		.byte	0
 1415 007a 09       		.uleb128 0x9
 1416 007b 34       		.uleb128 0x34
 1417 007c 00       		.byte	0
 1418 007d 03       		.uleb128 0x3
 1419 007e 0E       		.uleb128 0xe
 1420 007f 3A       		.uleb128 0x3a
 1421 0080 0B       		.uleb128 0xb
 1422 0081 3B       		.uleb128 0x3b
 1423 0082 0B       		.uleb128 0xb
 1424 0083 49       		.uleb128 0x49
 1425 0084 13       		.uleb128 0x13
 1426 0085 02       		.uleb128 0x2
 1427 0086 18       		.uleb128 0x18
 1428 0087 00       		.byte	0
 1429 0088 00       		.byte	0
 1430 0089 0A       		.uleb128 0xa
 1431 008a 34       		.uleb128 0x34
 1432 008b 00       		.byte	0
 1433 008c 03       		.uleb128 0x3
 1434 008d 0E       		.uleb128 0xe
 1435 008e 3A       		.uleb128 0x3a
 1436 008f 0B       		.uleb128 0xb
ARM GAS  C:\Users\simon\AppData\Local\Temp\ccaChFK0.s 			page 32


 1437 0090 3B       		.uleb128 0x3b
 1438 0091 0B       		.uleb128 0xb
 1439 0092 49       		.uleb128 0x49
 1440 0093 13       		.uleb128 0x13
 1441 0094 02       		.uleb128 0x2
 1442 0095 17       		.uleb128 0x17
 1443 0096 00       		.byte	0
 1444 0097 00       		.byte	0
 1445 0098 0B       		.uleb128 0xb
 1446 0099 34       		.uleb128 0x34
 1447 009a 00       		.byte	0
 1448 009b 03       		.uleb128 0x3
 1449 009c 0E       		.uleb128 0xe
 1450 009d 3A       		.uleb128 0x3a
 1451 009e 0B       		.uleb128 0xb
 1452 009f 3B       		.uleb128 0x3b
 1453 00a0 0B       		.uleb128 0xb
 1454 00a1 49       		.uleb128 0x49
 1455 00a2 13       		.uleb128 0x13
 1456 00a3 1C       		.uleb128 0x1c
 1457 00a4 0D       		.uleb128 0xd
 1458 00a5 00       		.byte	0
 1459 00a6 00       		.byte	0
 1460 00a7 0C       		.uleb128 0xc
 1461 00a8 0B       		.uleb128 0xb
 1462 00a9 01       		.byte	0x1
 1463 00aa 11       		.uleb128 0x11
 1464 00ab 01       		.uleb128 0x1
 1465 00ac 12       		.uleb128 0x12
 1466 00ad 06       		.uleb128 0x6
 1467 00ae 01       		.uleb128 0x1
 1468 00af 13       		.uleb128 0x13
 1469 00b0 00       		.byte	0
 1470 00b1 00       		.byte	0
 1471 00b2 0D       		.uleb128 0xd
 1472 00b3 34       		.uleb128 0x34
 1473 00b4 00       		.byte	0
 1474 00b5 03       		.uleb128 0x3
 1475 00b6 08       		.uleb128 0x8
 1476 00b7 3A       		.uleb128 0x3a
 1477 00b8 0B       		.uleb128 0xb
 1478 00b9 3B       		.uleb128 0x3b
 1479 00ba 0B       		.uleb128 0xb
 1480 00bb 49       		.uleb128 0x49
 1481 00bc 13       		.uleb128 0x13
 1482 00bd 02       		.uleb128 0x2
 1483 00be 17       		.uleb128 0x17
 1484 00bf 00       		.byte	0
 1485 00c0 00       		.byte	0
 1486 00c1 0E       		.uleb128 0xe
 1487 00c2 898201   		.uleb128 0x4109
 1488 00c5 01       		.byte	0x1
 1489 00c6 11       		.uleb128 0x11
 1490 00c7 01       		.uleb128 0x1
 1491 00c8 31       		.uleb128 0x31
 1492 00c9 13       		.uleb128 0x13
 1493 00ca 01       		.uleb128 0x1
ARM GAS  C:\Users\simon\AppData\Local\Temp\ccaChFK0.s 			page 33


 1494 00cb 13       		.uleb128 0x13
 1495 00cc 00       		.byte	0
 1496 00cd 00       		.byte	0
 1497 00ce 0F       		.uleb128 0xf
 1498 00cf 8A8201   		.uleb128 0x410a
 1499 00d2 00       		.byte	0
 1500 00d3 02       		.uleb128 0x2
 1501 00d4 18       		.uleb128 0x18
 1502 00d5 9142     		.uleb128 0x2111
 1503 00d7 18       		.uleb128 0x18
 1504 00d8 00       		.byte	0
 1505 00d9 00       		.byte	0
 1506 00da 10       		.uleb128 0x10
 1507 00db 898201   		.uleb128 0x4109
 1508 00de 01       		.byte	0x1
 1509 00df 11       		.uleb128 0x11
 1510 00e0 01       		.uleb128 0x1
 1511 00e1 31       		.uleb128 0x31
 1512 00e2 13       		.uleb128 0x13
 1513 00e3 00       		.byte	0
 1514 00e4 00       		.byte	0
 1515 00e5 11       		.uleb128 0x11
 1516 00e6 898201   		.uleb128 0x4109
 1517 00e9 00       		.byte	0
 1518 00ea 11       		.uleb128 0x11
 1519 00eb 01       		.uleb128 0x1
 1520 00ec 31       		.uleb128 0x31
 1521 00ed 13       		.uleb128 0x13
 1522 00ee 00       		.byte	0
 1523 00ef 00       		.byte	0
 1524 00f0 12       		.uleb128 0x12
 1525 00f1 01       		.uleb128 0x1
 1526 00f2 01       		.byte	0x1
 1527 00f3 49       		.uleb128 0x49
 1528 00f4 13       		.uleb128 0x13
 1529 00f5 01       		.uleb128 0x1
 1530 00f6 13       		.uleb128 0x13
 1531 00f7 00       		.byte	0
 1532 00f8 00       		.byte	0
 1533 00f9 13       		.uleb128 0x13
 1534 00fa 21       		.uleb128 0x21
 1535 00fb 00       		.byte	0
 1536 00fc 49       		.uleb128 0x49
 1537 00fd 13       		.uleb128 0x13
 1538 00fe 2F       		.uleb128 0x2f
 1539 00ff 0B       		.uleb128 0xb
 1540 0100 00       		.byte	0
 1541 0101 00       		.byte	0
 1542 0102 14       		.uleb128 0x14
 1543 0103 34       		.uleb128 0x34
 1544 0104 00       		.byte	0
 1545 0105 03       		.uleb128 0x3
 1546 0106 0E       		.uleb128 0xe
 1547 0107 3A       		.uleb128 0x3a
 1548 0108 0B       		.uleb128 0xb
 1549 0109 3B       		.uleb128 0x3b
 1550 010a 05       		.uleb128 0x5
ARM GAS  C:\Users\simon\AppData\Local\Temp\ccaChFK0.s 			page 34


 1551 010b 49       		.uleb128 0x49
 1552 010c 13       		.uleb128 0x13
 1553 010d 3F       		.uleb128 0x3f
 1554 010e 19       		.uleb128 0x19
 1555 010f 3C       		.uleb128 0x3c
 1556 0110 19       		.uleb128 0x19
 1557 0111 00       		.byte	0
 1558 0112 00       		.byte	0
 1559 0113 15       		.uleb128 0x15
 1560 0114 35       		.uleb128 0x35
 1561 0115 00       		.byte	0
 1562 0116 49       		.uleb128 0x49
 1563 0117 13       		.uleb128 0x13
 1564 0118 00       		.byte	0
 1565 0119 00       		.byte	0
 1566 011a 16       		.uleb128 0x16
 1567 011b 34       		.uleb128 0x34
 1568 011c 00       		.byte	0
 1569 011d 03       		.uleb128 0x3
 1570 011e 0E       		.uleb128 0xe
 1571 011f 3A       		.uleb128 0x3a
 1572 0120 0B       		.uleb128 0xb
 1573 0121 3B       		.uleb128 0x3b
 1574 0122 0B       		.uleb128 0xb
 1575 0123 49       		.uleb128 0x49
 1576 0124 13       		.uleb128 0x13
 1577 0125 3F       		.uleb128 0x3f
 1578 0126 19       		.uleb128 0x19
 1579 0127 02       		.uleb128 0x2
 1580 0128 18       		.uleb128 0x18
 1581 0129 00       		.byte	0
 1582 012a 00       		.byte	0
 1583 012b 17       		.uleb128 0x17
 1584 012c 2E       		.uleb128 0x2e
 1585 012d 00       		.byte	0
 1586 012e 3F       		.uleb128 0x3f
 1587 012f 19       		.uleb128 0x19
 1588 0130 3C       		.uleb128 0x3c
 1589 0131 19       		.uleb128 0x19
 1590 0132 6E       		.uleb128 0x6e
 1591 0133 0E       		.uleb128 0xe
 1592 0134 03       		.uleb128 0x3
 1593 0135 0E       		.uleb128 0xe
 1594 0136 3A       		.uleb128 0x3a
 1595 0137 0B       		.uleb128 0xb
 1596 0138 3B       		.uleb128 0x3b
 1597 0139 0B       		.uleb128 0xb
 1598 013a 00       		.byte	0
 1599 013b 00       		.byte	0
 1600 013c 00       		.byte	0
 1601              		.section	.debug_loc,"",%progbits
 1602              	.Ldebug_loc0:
 1603              	.LLST0:
 1604 0000 42000000 		.4byte	.LVL8
 1605 0004 4C000000 		.4byte	.LVL9
 1606 0008 0100     		.2byte	0x1
 1607 000a 50       		.byte	0x50
ARM GAS  C:\Users\simon\AppData\Local\Temp\ccaChFK0.s 			page 35


 1608 000b 58000000 		.4byte	.LVL12
 1609 000f 5A000000 		.4byte	.LVL13
 1610 0013 0100     		.2byte	0x1
 1611 0015 50       		.byte	0x50
 1612 0016 6A000000 		.4byte	.LVL15
 1613 001a 74000000 		.4byte	.LVL16
 1614 001e 0100     		.2byte	0x1
 1615 0020 50       		.byte	0x50
 1616 0021 80000000 		.4byte	.LVL19
 1617 0025 82000000 		.4byte	.LVL20
 1618 0029 0100     		.2byte	0x1
 1619 002b 50       		.byte	0x50
 1620 002c 9C000000 		.4byte	.LVL22
 1621 0030 A6000000 		.4byte	.LVL23
 1622 0034 0100     		.2byte	0x1
 1623 0036 50       		.byte	0x50
 1624 0037 B2000000 		.4byte	.LVL26
 1625 003b B4000000 		.4byte	.LVL27
 1626 003f 0100     		.2byte	0x1
 1627 0041 50       		.byte	0x50
 1628 0042 C4000000 		.4byte	.LVL29
 1629 0046 CE000000 		.4byte	.LVL30
 1630 004a 0100     		.2byte	0x1
 1631 004c 50       		.byte	0x50
 1632 004d DA000000 		.4byte	.LVL33
 1633 0051 DC000000 		.4byte	.LVL34
 1634 0055 0100     		.2byte	0x1
 1635 0057 50       		.byte	0x50
 1636 0058 FA000000 		.4byte	.LVL38
 1637 005c 04010000 		.4byte	.LVL39
 1638 0060 0100     		.2byte	0x1
 1639 0062 50       		.byte	0x50
 1640 0063 10010000 		.4byte	.LVL42
 1641 0067 12010000 		.4byte	.LVL43
 1642 006b 0100     		.2byte	0x1
 1643 006d 50       		.byte	0x50
 1644 006e 44010000 		.4byte	.LVL46
 1645 0072 50010000 		.4byte	.LVL47
 1646 0076 0100     		.2byte	0x1
 1647 0078 50       		.byte	0x50
 1648 0079 00000000 		.4byte	0
 1649 007d 00000000 		.4byte	0
 1650              	.LLST1:
 1651 0081 58010000 		.4byte	.LVL48
 1652 0085 5A010000 		.4byte	.LVL49
 1653 0089 0100     		.2byte	0x1
 1654 008b 50       		.byte	0x50
 1655 008c 5A010000 		.4byte	.LVL49
 1656 0090 5D010000 		.4byte	.LVL50-1
 1657 0094 1400     		.2byte	0x14
 1658 0096 91       		.byte	0x91
 1659 0097 A97F     		.sleb128 -87
 1660 0099 94       		.byte	0x94
 1661 009a 01       		.byte	0x1
 1662 009b 08       		.byte	0x8
 1663 009c FF       		.byte	0xff
 1664 009d 1A       		.byte	0x1a
ARM GAS  C:\Users\simon\AppData\Local\Temp\ccaChFK0.s 			page 36


 1665 009e 38       		.byte	0x38
 1666 009f 24       		.byte	0x24
 1667 00a0 73       		.byte	0x73
 1668 00a1 00       		.sleb128 0
 1669 00a2 21       		.byte	0x21
 1670 00a3 09       		.byte	0x9
 1671 00a4 F4       		.byte	0xf4
 1672 00a5 24       		.byte	0x24
 1673 00a6 09       		.byte	0x9
 1674 00a7 F8       		.byte	0xf8
 1675 00a8 26       		.byte	0x26
 1676 00a9 9F       		.byte	0x9f
 1677 00aa A6010000 		.4byte	.LVL57
 1678 00ae AA010000 		.4byte	.LVL58
 1679 00b2 0900     		.2byte	0x9
 1680 00b4 70       		.byte	0x70
 1681 00b5 00       		.sleb128 0
 1682 00b6 09       		.byte	0x9
 1683 00b7 F4       		.byte	0xf4
 1684 00b8 24       		.byte	0x24
 1685 00b9 09       		.byte	0x9
 1686 00ba F8       		.byte	0xf8
 1687 00bb 26       		.byte	0x26
 1688 00bc 9F       		.byte	0x9f
 1689 00bd AA010000 		.4byte	.LVL58
 1690 00c1 AD010000 		.4byte	.LVL59-1
 1691 00c5 1400     		.2byte	0x14
 1692 00c7 91       		.byte	0x91
 1693 00c8 AB7F     		.sleb128 -85
 1694 00ca 94       		.byte	0x94
 1695 00cb 01       		.byte	0x1
 1696 00cc 08       		.byte	0x8
 1697 00cd FF       		.byte	0xff
 1698 00ce 1A       		.byte	0x1a
 1699 00cf 38       		.byte	0x38
 1700 00d0 24       		.byte	0x24
 1701 00d1 73       		.byte	0x73
 1702 00d2 00       		.sleb128 0
 1703 00d3 21       		.byte	0x21
 1704 00d4 09       		.byte	0x9
 1705 00d5 F4       		.byte	0xf4
 1706 00d6 24       		.byte	0x24
 1707 00d7 09       		.byte	0x9
 1708 00d8 F8       		.byte	0xf8
 1709 00d9 26       		.byte	0x26
 1710 00da 9F       		.byte	0x9f
 1711 00db FE010000 		.4byte	.LVL67
 1712 00df 02020000 		.4byte	.LVL68
 1713 00e3 0900     		.2byte	0x9
 1714 00e5 70       		.byte	0x70
 1715 00e6 00       		.sleb128 0
 1716 00e7 09       		.byte	0x9
 1717 00e8 F4       		.byte	0xf4
 1718 00e9 24       		.byte	0x24
 1719 00ea 09       		.byte	0x9
 1720 00eb F8       		.byte	0xf8
 1721 00ec 26       		.byte	0x26
ARM GAS  C:\Users\simon\AppData\Local\Temp\ccaChFK0.s 			page 37


 1722 00ed 9F       		.byte	0x9f
 1723 00ee 02020000 		.4byte	.LVL68
 1724 00f2 05020000 		.4byte	.LVL69-1
 1725 00f6 1400     		.2byte	0x14
 1726 00f8 91       		.byte	0x91
 1727 00f9 AD7F     		.sleb128 -83
 1728 00fb 94       		.byte	0x94
 1729 00fc 01       		.byte	0x1
 1730 00fd 08       		.byte	0x8
 1731 00fe FF       		.byte	0xff
 1732 00ff 1A       		.byte	0x1a
 1733 0100 38       		.byte	0x38
 1734 0101 24       		.byte	0x24
 1735 0102 73       		.byte	0x73
 1736 0103 00       		.sleb128 0
 1737 0104 21       		.byte	0x21
 1738 0105 09       		.byte	0x9
 1739 0106 F4       		.byte	0xf4
 1740 0107 24       		.byte	0x24
 1741 0108 09       		.byte	0x9
 1742 0109 F8       		.byte	0xf8
 1743 010a 26       		.byte	0x26
 1744 010b 9F       		.byte	0x9f
 1745 010c 00000000 		.4byte	0
 1746 0110 00000000 		.4byte	0
 1747              	.LLST2:
 1748 0114 76010000 		.4byte	.LVL53
 1749 0118 7B010000 		.4byte	.LVL54-1
 1750 011c 0100     		.2byte	0x1
 1751 011e 50       		.byte	0x50
 1752 011f 00000000 		.4byte	0
 1753 0123 00000000 		.4byte	0
 1754              	.LLST3:
 1755 0127 CE010000 		.4byte	.LVL63
 1756 012b D3010000 		.4byte	.LVL64-1
 1757 012f 0100     		.2byte	0x1
 1758 0131 50       		.byte	0x50
 1759 0132 00000000 		.4byte	0
 1760 0136 00000000 		.4byte	0
 1761              	.LLST4:
 1762 013a 26020000 		.4byte	.LVL73
 1763 013e 2B020000 		.4byte	.LVL74-1
 1764 0142 0100     		.2byte	0x1
 1765 0144 50       		.byte	0x50
 1766 0145 00000000 		.4byte	0
 1767 0149 00000000 		.4byte	0
 1768              	.LLST5:
 1769 014d 80010000 		.4byte	.LVL55
 1770 0151 96010000 		.4byte	.LVL56
 1771 0155 0100     		.2byte	0x1
 1772 0157 50       		.byte	0x50
 1773 0158 00000000 		.4byte	0
 1774 015c 00000000 		.4byte	0
 1775              	.LLST6:
 1776 0160 D8010000 		.4byte	.LVL65
 1777 0164 EE010000 		.4byte	.LVL66
 1778 0168 0100     		.2byte	0x1
ARM GAS  C:\Users\simon\AppData\Local\Temp\ccaChFK0.s 			page 38


 1779 016a 50       		.byte	0x50
 1780 016b 00000000 		.4byte	0
 1781 016f 00000000 		.4byte	0
 1782              	.LLST7:
 1783 0173 30020000 		.4byte	.LVL75
 1784 0177 46020000 		.4byte	.LVL76
 1785 017b 0100     		.2byte	0x1
 1786 017d 50       		.byte	0x50
 1787 017e 00000000 		.4byte	0
 1788 0182 00000000 		.4byte	0
 1789              	.LLST8:
 1790 0186 14000000 		.4byte	.LVL2
 1791 018a 18000000 		.4byte	.LVL3
 1792 018e 0200     		.2byte	0x2
 1793 0190 30       		.byte	0x30
 1794 0191 9F       		.byte	0x9f
 1795 0192 18000000 		.4byte	.LVL3
 1796 0196 E4000000 		.4byte	.LVL36
 1797 019a 0100     		.2byte	0x1
 1798 019c 54       		.byte	0x54
 1799 019d 00000000 		.4byte	0
 1800 01a1 00000000 		.4byte	0
 1801              		.section	.debug_aranges,"",%progbits
 1802 0000 1C000000 		.4byte	0x1c
 1803 0004 0200     		.2byte	0x2
 1804 0006 00000000 		.4byte	.Ldebug_info0
 1805 000a 04       		.byte	0x4
 1806 000b 00       		.byte	0
 1807 000c 0000     		.2byte	0
 1808 000e 0000     		.2byte	0
 1809 0010 00000000 		.4byte	.LFB64
 1810 0014 98020000 		.4byte	.LFE64-.LFB64
 1811 0018 00000000 		.4byte	0
 1812 001c 00000000 		.4byte	0
 1813              		.section	.debug_ranges,"",%progbits
 1814              	.Ldebug_ranges0:
 1815 0000 00000000 		.4byte	.LFB64
 1816 0004 98020000 		.4byte	.LFE64
 1817 0008 00000000 		.4byte	0
 1818 000c 00000000 		.4byte	0
 1819              		.section	.debug_line,"",%progbits
 1820              	.Ldebug_line0:
 1821 0000 88020000 		.section	.debug_str,"MS",%progbits,1
 1821      02001402 
 1821      00000201 
 1821      FB0E0D00 
 1821      01010101 
 1822              	.LASF25:
 1823 0000 6D657373 		.ascii	"message\000"
 1823      61676500 
 1824              	.LASF33:
 1825 0008 68656164 		.ascii	"header\000"
 1825      657200
 1826              	.LASF2:
 1827 000f 5F5F7569 		.ascii	"__uint8_t\000"
 1827      6E74385F 
 1827      7400
ARM GAS  C:\Users\simon\AppData\Local\Temp\ccaChFK0.s 			page 39


 1828              	.LASF47:
 1829 0019 55415254 		.ascii	"UART_Debug_PutString\000"
 1829      5F446562 
 1829      75675F50 
 1829      75745374 
 1829      72696E67 
 1830              	.LASF45:
 1831 002e 4932435F 		.ascii	"I2C_Peripheral_IsDeviceConnected\000"
 1831      50657269 
 1831      70686572 
 1831      616C5F49 
 1831      73446576 
 1832              	.LASF6:
 1833 004f 5F5F696E 		.ascii	"__int32_t\000"
 1833      7433325F 
 1833      7400
 1834              	.LASF7:
 1835 0059 6C6F6E67 		.ascii	"long int\000"
 1835      20696E74 
 1835      00
 1836              	.LASF5:
 1837 0062 73686F72 		.ascii	"short unsigned int\000"
 1837      7420756E 
 1837      7369676E 
 1837      65642069 
 1837      6E7400
 1838              	.LASF54:
 1839 0075 55415254 		.ascii	"UART_Debug_PutArray\000"
 1839      5F446562 
 1839      75675F50 
 1839      75744172 
 1839      72617900 
 1840              	.LASF22:
 1841 0089 4572726F 		.ascii	"ErrorCode\000"
 1841      72436F64 
 1841      6500
 1842              	.LASF17:
 1843 0093 666C6F61 		.ascii	"float\000"
 1843      7400
 1844              	.LASF0:
 1845 0099 7369676E 		.ascii	"signed char\000"
 1845      65642063 
 1845      68617200 
 1846              	.LASF35:
 1847 00a5 4F757441 		.ascii	"OutArray\000"
 1847      72726179 
 1847      00
 1848              	.LASF1:
 1849 00ae 756E7369 		.ascii	"unsigned char\000"
 1849      676E6564 
 1849      20636861 
 1849      7200
 1850              	.LASF55:
 1851 00bc 474E5520 		.ascii	"GNU C11 5.4.1 20160609 (release) [ARM/embedded-5-br"
 1851      43313120 
 1851      352E342E 
 1851      31203230 
ARM GAS  C:\Users\simon\AppData\Local\Temp\ccaChFK0.s 			page 40


 1851      31363036 
 1852 00ef 616E6368 		.ascii	"anch revision 237715] -mcpu=cortex-m3 -mthumb -g -O"
 1852      20726576 
 1852      6973696F 
 1852      6E203233 
 1852      37373135 
 1853 0122 67202D66 		.ascii	"g -ffunction-sections -ffat-lto-objects\000"
 1853      66756E63 
 1853      74696F6E 
 1853      2D736563 
 1853      74696F6E 
 1854              	.LASF40:
 1855 014a 58617869 		.ascii	"Xaxis_OUT\000"
 1855      735F4F55 
 1855      5400
 1856              	.LASF15:
 1857 0154 696E7431 		.ascii	"int16\000"
 1857      3600
 1858              	.LASF8:
 1859 015a 6C6F6E67 		.ascii	"long unsigned int\000"
 1859      20756E73 
 1859      69676E65 
 1859      6420696E 
 1859      7400
 1860              	.LASF16:
 1861 016c 696E7433 		.ascii	"int32\000"
 1861      3200
 1862              	.LASF38:
 1863 0172 59617869 		.ascii	"Yaxis_Acc\000"
 1863      735F4163 
 1863      6300
 1864              	.LASF44:
 1865 017c 466C6167 		.ascii	"FlagREAD\000"
 1865      52454144 
 1865      00
 1866              	.LASF52:
 1867 0185 4932435F 		.ascii	"I2C_Peripheral_WriteRegister\000"
 1867      50657269 
 1867      70686572 
 1867      616C5F57 
 1867      72697465 
 1868              	.LASF27:
 1869 01a2 6572726F 		.ascii	"error\000"
 1869      7200
 1870              	.LASF36:
 1871 01a8 41636344 		.ascii	"AccData\000"
 1871      61746100 
 1872              	.LASF18:
 1873 01b0 646F7562 		.ascii	"double\000"
 1873      6C6500
 1874              	.LASF53:
 1875 01b7 4932435F 		.ascii	"I2C_Peripheral_ReadRegisterMulti\000"
 1875      50657269 
 1875      70686572 
 1875      616C5F52 
 1875      65616452 
 1876              	.LASF42:
ARM GAS  C:\Users\simon\AppData\Local\Temp\ccaChFK0.s 			page 41


 1877 01d8 5A617869 		.ascii	"Zaxis_OUT\000"
 1877      735F4F55 
 1877      5400
 1878              	.LASF58:
 1879 01e2 6D61696E 		.ascii	"main\000"
 1879      00
 1880              	.LASF41:
 1881 01e7 59617869 		.ascii	"Yaxis_OUT\000"
 1881      735F4F55 
 1881      5400
 1882              	.LASF3:
 1883 01f1 5F5F696E 		.ascii	"__int16_t\000"
 1883      7431365F 
 1883      7400
 1884              	.LASF29:
 1885 01fb 6374726C 		.ascii	"ctrl_reg1\000"
 1885      5F726567 
 1885      3100
 1886              	.LASF30:
 1887 0205 6374726C 		.ascii	"ctrl_reg4\000"
 1887      5F726567 
 1887      3400
 1888              	.LASF11:
 1889 020f 756E7369 		.ascii	"unsigned int\000"
 1889      676E6564 
 1889      20696E74 
 1889      00
 1890              	.LASF10:
 1891 021c 6C6F6E67 		.ascii	"long long unsigned int\000"
 1891      206C6F6E 
 1891      6720756E 
 1891      7369676E 
 1891      65642069 
 1892              	.LASF12:
 1893 0233 75696E74 		.ascii	"uint8_t\000"
 1893      385F7400 
 1894              	.LASF32:
 1895 023b 4F757454 		.ascii	"OutTemp\000"
 1895      656D7000 
 1896              	.LASF34:
 1897 0243 666F6F74 		.ascii	"footer\000"
 1897      657200
 1898              	.LASF13:
 1899 024a 696E7431 		.ascii	"int16_t\000"
 1899      365F7400 
 1900              	.LASF43:
 1901 0252 49544D5F 		.ascii	"ITM_RxBuffer\000"
 1901      52784275 
 1901      66666572 
 1901      00
 1902              	.LASF28:
 1903 025f 73746174 		.ascii	"status_register\000"
 1903      75735F72 
 1903      65676973 
 1903      74657200 
 1904              	.LASF14:
 1905 026f 696E7433 		.ascii	"int32_t\000"
ARM GAS  C:\Users\simon\AppData\Local\Temp\ccaChFK0.s 			page 42


 1905      325F7400 
 1906              	.LASF24:
 1907 0277 73697A65 		.ascii	"sizetype\000"
 1907      74797065 
 1907      00
 1908              	.LASF31:
 1909 0280 53746174 		.ascii	"StatusReg\000"
 1909      75735265 
 1909      6700
 1910              	.LASF9:
 1911 028a 6C6F6E67 		.ascii	"long long int\000"
 1911      206C6F6E 
 1911      6720696E 
 1911      7400
 1912              	.LASF49:
 1913 0298 55415254 		.ascii	"UART_Debug_Start\000"
 1913      5F446562 
 1913      75675F53 
 1913      74617274 
 1913      00
 1914              	.LASF56:
 1915 02a9 6D61696E 		.ascii	"main.c\000"
 1915      2E6300
 1916              	.LASF19:
 1917 02b0 63686172 		.ascii	"char\000"
 1917      00
 1918              	.LASF39:
 1919 02b5 5A617869 		.ascii	"Zaxis_Acc\000"
 1919      735F4163 
 1919      6300
 1920              	.LASF51:
 1921 02bf 4932435F 		.ascii	"I2C_Peripheral_ReadRegister\000"
 1921      50657269 
 1921      70686572 
 1921      616C5F52 
 1921      65616452 
 1922              	.LASF4:
 1923 02db 73686F72 		.ascii	"short int\000"
 1923      7420696E 
 1923      7400
 1924              	.LASF20:
 1925 02e5 4E4F5F45 		.ascii	"NO_ERROR\000"
 1925      52524F52 
 1925      00
 1926              	.LASF21:
 1927 02ee 4552524F 		.ascii	"ERROR\000"
 1927      5200
 1928              	.LASF23:
 1929 02f4 6C6F6E67 		.ascii	"long double\000"
 1929      20646F75 
 1929      626C6500 
 1930              	.LASF57:
 1931 0300 433A5C55 		.ascii	"C:\\Users\\simon\\Desktop\\ProgettoLTES\\ASSIGNMENT"
 1931      73657273 
 1931      5C73696D 
 1931      6F6E5C44 
 1931      65736B74 
ARM GAS  C:\Users\simon\AppData\Local\Temp\ccaChFK0.s 			page 43


 1932 032e 5F30355C 		.ascii	"_05\\PSoC_03\\AY1920_II_HW_05_PROJ_2.3.cydsn\000"
 1932      50536F43 
 1932      5F30335C 
 1932      41593139 
 1932      32305F49 
 1933              	.LASF26:
 1934 0359 77686F5F 		.ascii	"who_am_i_reg\000"
 1934      616D5F69 
 1934      5F726567 
 1934      00
 1935              	.LASF46:
 1936 0366 73707269 		.ascii	"sprintf\000"
 1936      6E746600 
 1937              	.LASF50:
 1938 036e 43794465 		.ascii	"CyDelay\000"
 1938      6C617900 
 1939              	.LASF48:
 1940 0376 4932435F 		.ascii	"I2C_Peripheral_Start\000"
 1940      50657269 
 1940      70686572 
 1940      616C5F53 
 1940      74617274 
 1941              	.LASF37:
 1942 038b 58617869 		.ascii	"Xaxis_Acc\000"
 1942      735F4163 
 1942      6300
 1943              		.ident	"GCC: (GNU Tools for ARM Embedded Processors) 5.4.1 20160609 (release) [ARM/embedded-5-bran
